[0.007s] Invoking command in '/home/bernsteinb/Desktop/slammers-bryce/orb/ros2_ws/build/orb_slam': CMAKE_PREFIX_PATH=${CMAKE_PREFIX_PATH}:/opt/ros/jazzy DEBUGINFOD_URLS=https://debuginfod.ubuntu.com /usr/bin/cmake --build /home/bernsteinb/Desktop/slammers-bryce/orb/ros2_ws/build/orb_slam -- -j28 -l28
[0.140s] [  5%] [32mBuilding CXX object CMakeFiles/orb_slam.dir/src/Tracking.cc.o[0m
[10.929s] [ 10%] [32m[1mLinking CXX executable /home/bernsteinb/Desktop/slammers-bryce/orb/ros2_ws/src/orb_slam/bin/orb_slam[0m
[11.177s] [100%] Built target orb_slam
[11.184s] Invoked command in '/home/bernsteinb/Desktop/slammers-bryce/orb/ros2_ws/build/orb_slam' returned '0': CMAKE_PREFIX_PATH=${CMAKE_PREFIX_PATH}:/opt/ros/jazzy DEBUGINFOD_URLS=https://debuginfod.ubuntu.com /usr/bin/cmake --build /home/bernsteinb/Desktop/slammers-bryce/orb/ros2_ws/build/orb_slam -- -j28 -l28
[11.184s] Invoking command in '/home/bernsteinb/Desktop/slammers-bryce/orb/ros2_ws/build/orb_slam': CMAKE_PREFIX_PATH=${CMAKE_PREFIX_PATH}:/opt/ros/jazzy DEBUGINFOD_URLS=https://debuginfod.ubuntu.com /usr/bin/cmake --install /home/bernsteinb/Desktop/slammers-bryce/orb/ros2_ws/build/orb_slam
[11.190s] -- Install configuration: ""
[11.190s] -- Installing: /home/bernsteinb/Desktop/slammers-bryce/orb/ros2_ws/install/orb_slam/lib/orb_slam/orb_slam
[11.192s] -- Set non-toolchain portion of runtime path of "/home/bernsteinb/Desktop/slammers-bryce/orb/ros2_ws/install/orb_slam/lib/orb_slam/orb_slam" to "$ORIGIN/../Thirdparty/DBoW2/lib"
[11.192s] -- Up-to-date: /home/bernsteinb/Desktop/slammers-bryce/orb/ros2_ws/install/orb_slam/lib/libDBoW2.so
[11.192s] -- Up-to-date: /home/bernsteinb/Desktop/slammers-bryce/orb/ros2_ws/install/orb_slam/lib/libg2o.so
[11.192s] -- Up-to-date: /home/bernsteinb/Desktop/slammers-bryce/orb/ros2_ws/install/orb_slam/share/orb_slam//Data
[11.192s] -- Up-to-date: /home/bernsteinb/Desktop/slammers-bryce/orb/ros2_ws/install/orb_slam/share/orb_slam//Data/rviz.vcg
[11.193s] -- Up-to-date: /home/bernsteinb/Desktop/slammers-bryce/orb/ros2_ws/install/orb_slam/share/orb_slam//Data/Settings.yaml
[11.193s] -- Up-to-date: /home/bernsteinb/Desktop/slammers-bryce/orb/ros2_ws/install/orb_slam/share/orb_slam//Data/ORBvoc.txt
[11.193s] -- Up-to-date: /home/bernsteinb/Desktop/slammers-bryce/orb/ros2_ws/install/orb_slam/share/orb_slam//Data/ORBvoc.txt.tar.gz
[11.193s] -- Up-to-date: /home/bernsteinb/Desktop/slammers-bryce/orb/ros2_ws/install/orb_slam/share/orb_slam//Data/rviz.rviz
[11.193s] -- Up-to-date: /home/bernsteinb/Desktop/slammers-bryce/orb/ros2_ws/install/orb_slam/share/ament_index/resource_index/package_run_dependencies/orb_slam
[11.193s] -- Up-to-date: /home/bernsteinb/Desktop/slammers-bryce/orb/ros2_ws/install/orb_slam/share/ament_index/resource_index/parent_prefix_path/orb_slam
[11.193s] -- Up-to-date: /home/bernsteinb/Desktop/slammers-bryce/orb/ros2_ws/install/orb_slam/share/orb_slam/environment/ament_prefix_path.sh
[11.193s] -- Up-to-date: /home/bernsteinb/Desktop/slammers-bryce/orb/ros2_ws/install/orb_slam/share/orb_slam/environment/ament_prefix_path.dsv
[11.193s] -- Up-to-date: /home/bernsteinb/Desktop/slammers-bryce/orb/ros2_ws/install/orb_slam/share/orb_slam/environment/path.sh
[11.193s] -- Up-to-date: /home/bernsteinb/Desktop/slammers-bryce/orb/ros2_ws/install/orb_slam/share/orb_slam/environment/path.dsv
[11.193s] -- Up-to-date: /home/bernsteinb/Desktop/slammers-bryce/orb/ros2_ws/install/orb_slam/share/orb_slam/local_setup.bash
[11.193s] -- Up-to-date: /home/bernsteinb/Desktop/slammers-bryce/orb/ros2_ws/install/orb_slam/share/orb_slam/local_setup.sh
[11.193s] -- Up-to-date: /home/bernsteinb/Desktop/slammers-bryce/orb/ros2_ws/install/orb_slam/share/orb_slam/local_setup.zsh
[11.193s] -- Up-to-date: /home/bernsteinb/Desktop/slammers-bryce/orb/ros2_ws/install/orb_slam/share/orb_slam/local_setup.dsv
[11.193s] -- Installing: /home/bernsteinb/Desktop/slammers-bryce/orb/ros2_ws/install/orb_slam/share/orb_slam/package.dsv
[11.193s] -- Up-to-date: /home/bernsteinb/Desktop/slammers-bryce/orb/ros2_ws/install/orb_slam/share/ament_index/resource_index/packages/orb_slam
[11.193s] -- Up-to-date: /home/bernsteinb/Desktop/slammers-bryce/orb/ros2_ws/install/orb_slam/share/orb_slam/cmake/orb_slamConfig.cmake
[11.193s] -- Up-to-date: /home/bernsteinb/Desktop/slammers-bryce/orb/ros2_ws/install/orb_slam/share/orb_slam/cmake/orb_slamConfig-version.cmake
[11.193s] -- Up-to-date: /home/bernsteinb/Desktop/slammers-bryce/orb/ros2_ws/install/orb_slam/share/orb_slam/package.xml
[11.194s] Invoked command in '/home/bernsteinb/Desktop/slammers-bryce/orb/ros2_ws/build/orb_slam' returned '0': CMAKE_PREFIX_PATH=${CMAKE_PREFIX_PATH}:/opt/ros/jazzy DEBUGINFOD_URLS=https://debuginfod.ubuntu.com /usr/bin/cmake --install /home/bernsteinb/Desktop/slammers-bryce/orb/ros2_ws/build/orb_slam
