-- The C compiler identification is GNU 13.3.0
-- The CXX compiler identification is GNU 13.3.0
-- Detecting C compiler ABI info
-- Detecting C compiler ABI info - done
-- Check for working C compiler: /usr/bin/cc - skipped
-- Detecting C compile features
-- Detecting C compile features - done
-- Detecting CXX compiler ABI info
-- Detecting CXX compiler ABI info - done
-- Check for working CXX compiler: /usr/bin/c++ - skipped
-- Detecting CXX compile features
-- Detecting CXX compile features - done
-- Found ament_cmake: 2.5.4 (/opt/ros/jazzy/share/ament_cmake/cmake)
-- Found Python3: /usr/bin/python3 (found version "3.12.3") found components: Interpreter 
-- Found sensor_msgs: 5.3.6 (/opt/ros/jazzy/share/sensor_msgs/cmake)
-- Found rosidl_generator_c: 4.6.6 (/opt/ros/jazzy/share/rosidl_generator_c/cmake)
-- Found rosidl_generator_cpp: 4.6.6 (/opt/ros/jazzy/share/rosidl_generator_cpp/cmake)
-- Using all available rosidl_typesupport_c: rosidl_typesupport_fastrtps_c;rosidl_typesupport_introspection_c
-- Using all available rosidl_typesupport_cpp: rosidl_typesupport_fastrtps_cpp;rosidl_typesupport_introspection_cpp
-- Found rclcpp: 28.1.13 (/opt/ros/jazzy/share/rclcpp/cmake)
-- Found rmw_implementation_cmake: 7.3.2 (/opt/ros/jazzy/share/rmw_implementation_cmake/cmake)
-- Found rmw_fastrtps_cpp: 8.4.3 (/opt/ros/jazzy/share/rmw_fastrtps_cpp/cmake)
-- Found OpenSSL: /usr/lib/x86_64-linux-gnu/libcrypto.so (found version "3.0.13")  
-- Found FastRTPS: /opt/ros/jazzy/include (Required is at least version "2.13") 
-- Using RMW implementation 'rmw_fastrtps_cpp' as default
-- Found ament_lint_auto: 0.17.3 (/opt/ros/jazzy/share/ament_lint_auto/cmake)
-- Added test 'cppcheck' to perform static code analysis on C / C++ code
-- Configured cppcheck include dirs: 
-- Configured cppcheck exclude dirs and/or files: 
-- Added test 'lint_cmake' to check CMake code style
-- Added test 'uncrustify' to check C / C++ code style
-- Configured uncrustify additional arguments: 
-- Added test 'xmllint' to check XML markup files
-- Configuring done (0.7s)
-- Generating done (0.0s)
-- Build files have been written to: /home/bernsteinb/Desktop/slammers-bryce/orb/ros2_ws/build/cpp_ros_practice
[ 50%] [32mBuilding CXX object CMakeFiles/publisher.dir/src/publisher.cpp.o[0m
[ 50%] [32mBuilding CXX object CMakeFiles/listener.dir/src/listener.cpp.o[0m
[01m[K/home/bernsteinb/Desktop/slammers-bryce/orb/ros2_ws/src/cpp_ros_practice/src/listener.cpp:[m[K In lambda function:
[01m[K/home/bernsteinb/Desktop/slammers-bryce/orb/ros2_ws/src/cpp_ros_practice/src/listener.cpp:10:75:[m[K [01;35m[Kwarning: [m[Kunused parameter ‘[01m[Kmsg[m[K’ [[01;35m[K]8;;https://gcc.gnu.org/onlinedocs/gcc/Warning-Options.html#index-Wunused-parameter-Wunused-parameter]8;;[m[K]
   10 | uto listenerCallback = [this]([01;35m[Ksensor_msgs::msg::Image::SharedPtr msg[m[K) {
      |                               [01;35m[K~~~~~~~~~~~~~~~~~~~~~~~~~~~~~~~~~~~^~~[m[K

[ 75%] [32m[1mLinking CXX executable publisher[0m
[ 75%] Built target publisher
[100%] [32m[1mLinking CXX executable listener[0m
[100%] Built target listener
-- Install configuration: ""
-- Installing: /home/bernsteinb/Desktop/slammers-bryce/orb/ros2_ws/install/cpp_ros_practice/lib/cpp_ros_practice/listener
-- Set non-toolchain portion of runtime path of "/home/bernsteinb/Desktop/slammers-bryce/orb/ros2_ws/install/cpp_ros_practice/lib/cpp_ros_practice/listener" to ""
-- Installing: /home/bernsteinb/Desktop/slammers-bryce/orb/ros2_ws/install/cpp_ros_practice/lib/cpp_ros_practice/publisher
-- Set non-toolchain portion of runtime path of "/home/bernsteinb/Desktop/slammers-bryce/orb/ros2_ws/install/cpp_ros_practice/lib/cpp_ros_practice/publisher" to ""
-- Installing: /home/bernsteinb/Desktop/slammers-bryce/orb/ros2_ws/install/cpp_ros_practice/share/ament_index/resource_index/package_run_dependencies/cpp_ros_practice
-- Installing: /home/bernsteinb/Desktop/slammers-bryce/orb/ros2_ws/install/cpp_ros_practice/share/ament_index/resource_index/parent_prefix_path/cpp_ros_practice
-- Installing: /home/bernsteinb/Desktop/slammers-bryce/orb/ros2_ws/install/cpp_ros_practice/share/cpp_ros_practice/environment/ament_prefix_path.sh
-- Installing: /home/bernsteinb/Desktop/slammers-bryce/orb/ros2_ws/install/cpp_ros_practice/share/cpp_ros_practice/environment/ament_prefix_path.dsv
-- Installing: /home/bernsteinb/Desktop/slammers-bryce/orb/ros2_ws/install/cpp_ros_practice/share/cpp_ros_practice/environment/path.sh
-- Installing: /home/bernsteinb/Desktop/slammers-bryce/orb/ros2_ws/install/cpp_ros_practice/share/cpp_ros_practice/environment/path.dsv
-- Installing: /home/bernsteinb/Desktop/slammers-bryce/orb/ros2_ws/install/cpp_ros_practice/share/cpp_ros_practice/local_setup.bash
-- Installing: /home/bernsteinb/Desktop/slammers-bryce/orb/ros2_ws/install/cpp_ros_practice/share/cpp_ros_practice/local_setup.sh
-- Installing: /home/bernsteinb/Desktop/slammers-bryce/orb/ros2_ws/install/cpp_ros_practice/share/cpp_ros_practice/local_setup.zsh
-- Installing: /home/bernsteinb/Desktop/slammers-bryce/orb/ros2_ws/install/cpp_ros_practice/share/cpp_ros_practice/local_setup.dsv
-- Installing: /home/bernsteinb/Desktop/slammers-bryce/orb/ros2_ws/install/cpp_ros_practice/share/cpp_ros_practice/package.dsv
-- Installing: /home/bernsteinb/Desktop/slammers-bryce/orb/ros2_ws/install/cpp_ros_practice/share/ament_index/resource_index/packages/cpp_ros_practice
-- Installing: /home/bernsteinb/Desktop/slammers-bryce/orb/ros2_ws/install/cpp_ros_practice/share/cpp_ros_practice/cmake/cpp_ros_practiceConfig.cmake
-- Installing: /home/bernsteinb/Desktop/slammers-bryce/orb/ros2_ws/install/cpp_ros_practice/share/cpp_ros_practice/cmake/cpp_ros_practiceConfig-version.cmake
-- Installing: /home/bernsteinb/Desktop/slammers-bryce/orb/ros2_ws/install/cpp_ros_practice/share/cpp_ros_practice/package.xml
