[0.096s] DEBUG:colcon:Command line arguments: ['/usr/bin/colcon', 'build']
[0.096s] DEBUG:colcon:Parsed command line arguments: Namespace(log_base=None, log_level=None, verb_name='build', build_base='build', install_base='install', merge_install=False, symlink_install=False, test_result_base=None, continue_on_error=False, executor='parallel', parallel_workers=28, event_handlers=None, ignore_user_meta=False, metas=['./colcon.meta'], base_paths=['.'], packages_ignore=None, packages_ignore_regex=None, paths=None, packages_up_to=None, packages_up_to_regex=None, packages_above=None, packages_above_and_dependencies=None, packages_above_depth=None, packages_select_by_dep=None, packages_skip_by_dep=None, packages_skip_up_to=None, packages_select_build_failed=False, packages_skip_build_finished=False, packages_select_test_failures=False, packages_skip_test_passed=False, packages_select=None, packages_skip=None, packages_select_regex=None, packages_skip_regex=None, packages_start=None, packages_end=None, allow_overriding=[], cmake_args=None, cmake_target=None, cmake_target_skip_unavailable=False, cmake_clean_cache=False, cmake_clean_first=False, cmake_force_configure=False, ament_cmake_args=None, catkin_cmake_args=None, catkin_skip_building_tests=False, mixin_files=None, mixin=None, verb_parser=<colcon_mixin.mixin.mixin_argument.MixinArgumentDecorator object at 0x7710e64b7410>, verb_extension=<colcon_core.verb.build.BuildVerb object at 0x7710e64b70e0>, main=<bound method BuildVerb.main of <colcon_core.verb.build.BuildVerb object at 0x7710e64b70e0>>, mixin_verb=('build',))
[0.117s] Level 1:colcon.colcon_core.package_discovery:discover_packages(colcon_meta) check parameters
[0.117s] Level 1:colcon.colcon_core.package_discovery:discover_packages(recursive) check parameters
[0.117s] Level 1:colcon.colcon_core.package_discovery:discover_packages(ignore) check parameters
[0.117s] Level 1:colcon.colcon_core.package_discovery:discover_packages(path) check parameters
[0.117s] Level 1:colcon.colcon_core.package_discovery:discover_packages(colcon_meta) discover
[0.117s] Level 1:colcon.colcon_core.package_discovery:discover_packages(recursive) discover
[0.117s] INFO:colcon.colcon_core.package_discovery:Crawling recursively for packages in '/home/bernsteinb/Desktop/slammers-bryce/orb/ros2_ws'
[0.117s] Level 1:colcon.colcon_core.package_identification:_identify(.) by extensions ['ignore', 'ignore_ament_install']
[0.117s] Level 1:colcon.colcon_core.package_identification:_identify(.) by extension 'ignore'
[0.117s] Level 1:colcon.colcon_core.package_identification:_identify(.) by extension 'ignore_ament_install'
[0.117s] Level 1:colcon.colcon_core.package_identification:_identify(.) by extensions ['colcon_pkg']
[0.117s] Level 1:colcon.colcon_core.package_identification:_identify(.) by extension 'colcon_pkg'
[0.117s] Level 1:colcon.colcon_core.package_identification:_identify(.) by extensions ['colcon_meta']
[0.117s] Level 1:colcon.colcon_core.package_identification:_identify(.) by extension 'colcon_meta'
[0.117s] Level 1:colcon.colcon_core.package_identification:_identify(.) by extensions ['ros']
[0.117s] Level 1:colcon.colcon_core.package_identification:_identify(.) by extension 'ros'
[0.133s] Level 1:colcon.colcon_core.package_identification:_identify(.) by extensions ['cmake', 'python']
[0.133s] Level 1:colcon.colcon_core.package_identification:_identify(.) by extension 'cmake'
[0.133s] Level 1:colcon.colcon_core.package_identification:_identify(.) by extension 'python'
[0.133s] Level 1:colcon.colcon_core.package_identification:_identify(.) by extensions ['python_setup_py']
[0.133s] Level 1:colcon.colcon_core.package_identification:_identify(.) by extension 'python_setup_py'
[0.133s] Level 1:colcon.colcon_core.package_identification:_identify(build) by extensions ['ignore', 'ignore_ament_install']
[0.133s] Level 1:colcon.colcon_core.package_identification:_identify(build) by extension 'ignore'
[0.133s] Level 1:colcon.colcon_core.package_identification:_identify(build) ignored
[0.133s] Level 1:colcon.colcon_core.package_identification:_identify(install) by extensions ['ignore', 'ignore_ament_install']
[0.133s] Level 1:colcon.colcon_core.package_identification:_identify(install) by extension 'ignore'
[0.133s] Level 1:colcon.colcon_core.package_identification:_identify(install) ignored
[0.133s] Level 1:colcon.colcon_core.package_identification:_identify(log) by extensions ['ignore', 'ignore_ament_install']
[0.133s] Level 1:colcon.colcon_core.package_identification:_identify(log) by extension 'ignore'
[0.133s] Level 1:colcon.colcon_core.package_identification:_identify(log) ignored
[0.133s] Level 1:colcon.colcon_core.package_identification:_identify(src) by extensions ['ignore', 'ignore_ament_install']
[0.133s] Level 1:colcon.colcon_core.package_identification:_identify(src) by extension 'ignore'
[0.133s] Level 1:colcon.colcon_core.package_identification:_identify(src) by extension 'ignore_ament_install'
[0.133s] Level 1:colcon.colcon_core.package_identification:_identify(src) by extensions ['colcon_pkg']
[0.133s] Level 1:colcon.colcon_core.package_identification:_identify(src) by extension 'colcon_pkg'
[0.133s] Level 1:colcon.colcon_core.package_identification:_identify(src) by extensions ['colcon_meta']
[0.133s] Level 1:colcon.colcon_core.package_identification:_identify(src) by extension 'colcon_meta'
[0.133s] Level 1:colcon.colcon_core.package_identification:_identify(src) by extensions ['ros']
[0.134s] Level 1:colcon.colcon_core.package_identification:_identify(src) by extension 'ros'
[0.134s] Level 1:colcon.colcon_core.package_identification:_identify(src) by extensions ['cmake', 'python']
[0.134s] Level 1:colcon.colcon_core.package_identification:_identify(src) by extension 'cmake'
[0.134s] Level 1:colcon.colcon_core.package_identification:_identify(src) by extension 'python'
[0.134s] Level 1:colcon.colcon_core.package_identification:_identify(src) by extensions ['python_setup_py']
[0.134s] Level 1:colcon.colcon_core.package_identification:_identify(src) by extension 'python_setup_py'
[0.134s] Level 1:colcon.colcon_core.package_identification:_identify(src/cpp_ros_practice) by extensions ['ignore', 'ignore_ament_install']
[0.134s] Level 1:colcon.colcon_core.package_identification:_identify(src/cpp_ros_practice) by extension 'ignore'
[0.134s] Level 1:colcon.colcon_core.package_identification:_identify(src/cpp_ros_practice) by extension 'ignore_ament_install'
[0.134s] Level 1:colcon.colcon_core.package_identification:_identify(src/cpp_ros_practice) by extensions ['colcon_pkg']
[0.134s] Level 1:colcon.colcon_core.package_identification:_identify(src/cpp_ros_practice) by extension 'colcon_pkg'
[0.134s] Level 1:colcon.colcon_core.package_identification:_identify(src/cpp_ros_practice) by extensions ['colcon_meta']
[0.134s] Level 1:colcon.colcon_core.package_identification:_identify(src/cpp_ros_practice) by extension 'colcon_meta'
[0.134s] Level 1:colcon.colcon_core.package_identification:_identify(src/cpp_ros_practice) by extensions ['ros']
[0.134s] Level 1:colcon.colcon_core.package_identification:_identify(src/cpp_ros_practice) by extension 'ros'
[0.135s] DEBUG:colcon.colcon_core.package_identification:Package 'src/cpp_ros_practice' with type 'ros.ament_cmake' and name 'cpp_ros_practice'
[0.135s] Level 1:colcon.colcon_core.package_identification:_identify(src/orb_slam) by extensions ['ignore', 'ignore_ament_install']
[0.135s] Level 1:colcon.colcon_core.package_identification:_identify(src/orb_slam) by extension 'ignore'
[0.135s] Level 1:colcon.colcon_core.package_identification:_identify(src/orb_slam) by extension 'ignore_ament_install'
[0.135s] Level 1:colcon.colcon_core.package_identification:_identify(src/orb_slam) by extensions ['colcon_pkg']
[0.136s] Level 1:colcon.colcon_core.package_identification:_identify(src/orb_slam) by extension 'colcon_pkg'
[0.136s] Level 1:colcon.colcon_core.package_identification:_identify(src/orb_slam) by extensions ['colcon_meta']
[0.136s] Level 1:colcon.colcon_core.package_identification:_identify(src/orb_slam) by extension 'colcon_meta'
[0.136s] Level 1:colcon.colcon_core.package_identification:_identify(src/orb_slam) by extensions ['ros']
[0.136s] Level 1:colcon.colcon_core.package_identification:_identify(src/orb_slam) by extension 'ros'
[0.136s] DEBUG:colcon.colcon_core.package_identification:Package 'src/orb_slam' with type 'ros.ament_cmake' and name 'orb_slam'
[0.136s] Level 1:colcon.colcon_core.package_identification:_identify(src/webpub) by extensions ['ignore', 'ignore_ament_install']
[0.136s] Level 1:colcon.colcon_core.package_identification:_identify(src/webpub) by extension 'ignore'
[0.136s] Level 1:colcon.colcon_core.package_identification:_identify(src/webpub) by extension 'ignore_ament_install'
[0.136s] Level 1:colcon.colcon_core.package_identification:_identify(src/webpub) by extensions ['colcon_pkg']
[0.136s] Level 1:colcon.colcon_core.package_identification:_identify(src/webpub) by extension 'colcon_pkg'
[0.136s] Level 1:colcon.colcon_core.package_identification:_identify(src/webpub) by extensions ['colcon_meta']
[0.136s] Level 1:colcon.colcon_core.package_identification:_identify(src/webpub) by extension 'colcon_meta'
[0.136s] Level 1:colcon.colcon_core.package_identification:_identify(src/webpub) by extensions ['ros']
[0.136s] Level 1:colcon.colcon_core.package_identification:_identify(src/webpub) by extension 'ros'
[0.136s] DEBUG:colcon.colcon_core.package_identification:Package 'src/webpub' with type 'ros.ament_cmake' and name 'webpub'
[0.136s] Level 1:colcon.colcon_core.package_discovery:discover_packages(recursive) using defaults
[0.136s] Level 1:colcon.colcon_core.package_discovery:discover_packages(ignore) discover
[0.136s] Level 1:colcon.colcon_core.package_discovery:discover_packages(ignore) using defaults
[0.136s] Level 1:colcon.colcon_core.package_discovery:discover_packages(path) discover
[0.136s] Level 1:colcon.colcon_core.package_discovery:discover_packages(path) using defaults
[0.147s] Level 1:colcon.colcon_core.package_discovery:discover_packages(prefix_path) check parameters
[0.147s] Level 1:colcon.colcon_core.package_discovery:discover_packages(prefix_path) discover
[0.148s] Level 1:colcon.colcon_core.package_discovery:discover_packages(prefix_path) using defaults
[0.149s] Level 5:colcon.colcon_core.verb:set package 'cpp_ros_practice' build argument 'cmake_args' from command line to 'None'
[0.149s] Level 5:colcon.colcon_core.verb:set package 'cpp_ros_practice' build argument 'cmake_target' from command line to 'None'
[0.149s] Level 5:colcon.colcon_core.verb:set package 'cpp_ros_practice' build argument 'cmake_target_skip_unavailable' from command line to 'False'
[0.149s] Level 5:colcon.colcon_core.verb:set package 'cpp_ros_practice' build argument 'cmake_clean_cache' from command line to 'False'
[0.149s] Level 5:colcon.colcon_core.verb:set package 'cpp_ros_practice' build argument 'cmake_clean_first' from command line to 'False'
[0.149s] Level 5:colcon.colcon_core.verb:set package 'cpp_ros_practice' build argument 'cmake_force_configure' from command line to 'False'
[0.149s] Level 5:colcon.colcon_core.verb:set package 'cpp_ros_practice' build argument 'ament_cmake_args' from command line to 'None'
[0.149s] Level 5:colcon.colcon_core.verb:set package 'cpp_ros_practice' build argument 'catkin_cmake_args' from command line to 'None'
[0.149s] Level 5:colcon.colcon_core.verb:set package 'cpp_ros_practice' build argument 'catkin_skip_building_tests' from command line to 'False'
[0.149s] DEBUG:colcon.colcon_core.verb:Building package 'cpp_ros_practice' with the following arguments: {'ament_cmake_args': None, 'build_base': '/home/bernsteinb/Desktop/slammers-bryce/orb/ros2_ws/build/cpp_ros_practice', 'catkin_cmake_args': None, 'catkin_skip_building_tests': False, 'cmake_args': None, 'cmake_clean_cache': False, 'cmake_clean_first': False, 'cmake_force_configure': False, 'cmake_target': None, 'cmake_target_skip_unavailable': False, 'install_base': '/home/bernsteinb/Desktop/slammers-bryce/orb/ros2_ws/install/cpp_ros_practice', 'merge_install': False, 'path': '/home/bernsteinb/Desktop/slammers-bryce/orb/ros2_ws/src/cpp_ros_practice', 'symlink_install': False, 'test_result_base': None}
[0.149s] Level 5:colcon.colcon_core.verb:set package 'orb_slam' build argument 'cmake_args' from command line to 'None'
[0.149s] Level 5:colcon.colcon_core.verb:set package 'orb_slam' build argument 'cmake_target' from command line to 'None'
[0.149s] Level 5:colcon.colcon_core.verb:set package 'orb_slam' build argument 'cmake_target_skip_unavailable' from command line to 'False'
[0.149s] Level 5:colcon.colcon_core.verb:set package 'orb_slam' build argument 'cmake_clean_cache' from command line to 'False'
[0.149s] Level 5:colcon.colcon_core.verb:set package 'orb_slam' build argument 'cmake_clean_first' from command line to 'False'
[0.149s] Level 5:colcon.colcon_core.verb:set package 'orb_slam' build argument 'cmake_force_configure' from command line to 'False'
[0.149s] Level 5:colcon.colcon_core.verb:set package 'orb_slam' build argument 'ament_cmake_args' from command line to 'None'
[0.149s] Level 5:colcon.colcon_core.verb:set package 'orb_slam' build argument 'catkin_cmake_args' from command line to 'None'
[0.149s] Level 5:colcon.colcon_core.verb:set package 'orb_slam' build argument 'catkin_skip_building_tests' from command line to 'False'
[0.149s] DEBUG:colcon.colcon_core.verb:Building package 'orb_slam' with the following arguments: {'ament_cmake_args': None, 'build_base': '/home/bernsteinb/Desktop/slammers-bryce/orb/ros2_ws/build/orb_slam', 'catkin_cmake_args': None, 'catkin_skip_building_tests': False, 'cmake_args': None, 'cmake_clean_cache': False, 'cmake_clean_first': False, 'cmake_force_configure': False, 'cmake_target': None, 'cmake_target_skip_unavailable': False, 'install_base': '/home/bernsteinb/Desktop/slammers-bryce/orb/ros2_ws/install/orb_slam', 'merge_install': False, 'path': '/home/bernsteinb/Desktop/slammers-bryce/orb/ros2_ws/src/orb_slam', 'symlink_install': False, 'test_result_base': None}
[0.149s] Level 5:colcon.colcon_core.verb:set package 'webpub' build argument 'cmake_args' from command line to 'None'
[0.149s] Level 5:colcon.colcon_core.verb:set package 'webpub' build argument 'cmake_target' from command line to 'None'
[0.149s] Level 5:colcon.colcon_core.verb:set package 'webpub' build argument 'cmake_target_skip_unavailable' from command line to 'False'
[0.149s] Level 5:colcon.colcon_core.verb:set package 'webpub' build argument 'cmake_clean_cache' from command line to 'False'
[0.149s] Level 5:colcon.colcon_core.verb:set package 'webpub' build argument 'cmake_clean_first' from command line to 'False'
[0.149s] Level 5:colcon.colcon_core.verb:set package 'webpub' build argument 'cmake_force_configure' from command line to 'False'
[0.149s] Level 5:colcon.colcon_core.verb:set package 'webpub' build argument 'ament_cmake_args' from command line to 'None'
[0.149s] Level 5:colcon.colcon_core.verb:set package 'webpub' build argument 'catkin_cmake_args' from command line to 'None'
[0.149s] Level 5:colcon.colcon_core.verb:set package 'webpub' build argument 'catkin_skip_building_tests' from command line to 'False'
[0.149s] DEBUG:colcon.colcon_core.verb:Building package 'webpub' with the following arguments: {'ament_cmake_args': None, 'build_base': '/home/bernsteinb/Desktop/slammers-bryce/orb/ros2_ws/build/webpub', 'catkin_cmake_args': None, 'catkin_skip_building_tests': False, 'cmake_args': None, 'cmake_clean_cache': False, 'cmake_clean_first': False, 'cmake_force_configure': False, 'cmake_target': None, 'cmake_target_skip_unavailable': False, 'install_base': '/home/bernsteinb/Desktop/slammers-bryce/orb/ros2_ws/install/webpub', 'merge_install': False, 'path': '/home/bernsteinb/Desktop/slammers-bryce/orb/ros2_ws/src/webpub', 'symlink_install': False, 'test_result_base': None}
[0.150s] INFO:colcon.colcon_core.executor:Executing jobs using 'parallel' executor
[0.150s] DEBUG:colcon.colcon_parallel_executor.executor.parallel:run_until_complete
[0.150s] INFO:colcon.colcon_ros.task.ament_cmake.build:Building ROS package in '/home/bernsteinb/Desktop/slammers-bryce/orb/ros2_ws/src/cpp_ros_practice' with build type 'ament_cmake'
[0.150s] INFO:colcon.colcon_cmake.task.cmake.build:Building CMake package in '/home/bernsteinb/Desktop/slammers-bryce/orb/ros2_ws/src/cpp_ros_practice'
[0.153s] INFO:colcon.colcon_core.plugin_system:Skipping extension 'colcon_core.shell.bat': Not used on non-Windows systems
[0.153s] INFO:colcon.colcon_core.shell:Skip shell extension 'powershell' for command environment: Not usable outside of PowerShell
[0.153s] DEBUG:colcon.colcon_core.shell:Skip shell extension 'dsv' for command environment
[0.154s] INFO:colcon.colcon_ros.task.ament_cmake.build:Building ROS package in '/home/bernsteinb/Desktop/slammers-bryce/orb/ros2_ws/src/orb_slam' with build type 'ament_cmake'
[0.154s] INFO:colcon.colcon_cmake.task.cmake.build:Building CMake package in '/home/bernsteinb/Desktop/slammers-bryce/orb/ros2_ws/src/orb_slam'
[0.154s] INFO:colcon.colcon_core.shell:Skip shell extension 'powershell' for command environment: Not usable outside of PowerShell
[0.154s] DEBUG:colcon.colcon_core.shell:Skip shell extension 'dsv' for command environment
[0.154s] INFO:colcon.colcon_ros.task.ament_cmake.build:Building ROS package in '/home/bernsteinb/Desktop/slammers-bryce/orb/ros2_ws/src/webpub' with build type 'ament_cmake'
[0.154s] INFO:colcon.colcon_cmake.task.cmake.build:Building CMake package in '/home/bernsteinb/Desktop/slammers-bryce/orb/ros2_ws/src/webpub'
[0.154s] INFO:colcon.colcon_core.shell:Skip shell extension 'powershell' for command environment: Not usable outside of PowerShell
[0.154s] DEBUG:colcon.colcon_core.shell:Skip shell extension 'dsv' for command environment
[0.157s] DEBUG:colcon.colcon_core.event_handler.log_command:Invoking command in '/home/bernsteinb/Desktop/slammers-bryce/orb/ros2_ws/build/cpp_ros_practice': DEBUGINFOD_URLS=https://debuginfod.ubuntu.com /usr/bin/cmake --build /home/bernsteinb/Desktop/slammers-bryce/orb/ros2_ws/build/cpp_ros_practice -- -j28 -l28
[0.158s] DEBUG:colcon.colcon_core.event_handler.log_command:Invoking command in '/home/bernsteinb/Desktop/slammers-bryce/orb/ros2_ws/build/orb_slam': DEBUGINFOD_URLS=https://debuginfod.ubuntu.com /usr/bin/cmake --build /home/bernsteinb/Desktop/slammers-bryce/orb/ros2_ws/build/orb_slam -- -j28 -l28
[0.159s] DEBUG:colcon.colcon_core.event_handler.log_command:Invoking command in '/home/bernsteinb/Desktop/slammers-bryce/orb/ros2_ws/build/webpub': DEBUGINFOD_URLS=https://debuginfod.ubuntu.com /usr/bin/cmake --build /home/bernsteinb/Desktop/slammers-bryce/orb/ros2_ws/build/webpub -- -j28 -l28
[0.196s] DEBUG:colcon.colcon_core.event_handler.log_command:Invoked command in '/home/bernsteinb/Desktop/slammers-bryce/orb/ros2_ws/build/cpp_ros_practice' returned '0': DEBUGINFOD_URLS=https://debuginfod.ubuntu.com /usr/bin/cmake --build /home/bernsteinb/Desktop/slammers-bryce/orb/ros2_ws/build/cpp_ros_practice -- -j28 -l28
[0.202s] DEBUG:colcon.colcon_core.event_handler.log_command:Invoking command in '/home/bernsteinb/Desktop/slammers-bryce/orb/ros2_ws/build/cpp_ros_practice': DEBUGINFOD_URLS=https://debuginfod.ubuntu.com /usr/bin/cmake --install /home/bernsteinb/Desktop/slammers-bryce/orb/ros2_ws/build/cpp_ros_practice
[0.202s] DEBUG:colcon.colcon_core.event_handler.log_command:Invoked command in '/home/bernsteinb/Desktop/slammers-bryce/orb/ros2_ws/build/webpub' returned '0': DEBUGINFOD_URLS=https://debuginfod.ubuntu.com /usr/bin/cmake --build /home/bernsteinb/Desktop/slammers-bryce/orb/ros2_ws/build/webpub -- -j28 -l28
[0.203s] DEBUG:colcon.colcon_core.event_handler.log_command:Invoking command in '/home/bernsteinb/Desktop/slammers-bryce/orb/ros2_ws/build/webpub': DEBUGINFOD_URLS=https://debuginfod.ubuntu.com /usr/bin/cmake --install /home/bernsteinb/Desktop/slammers-bryce/orb/ros2_ws/build/webpub
[0.210s] Level 1:colcon.colcon_core.environment:create_environment_scripts_only(webpub)
[0.213s] DEBUG:colcon.colcon_core.event_handler.log_command:Invoked command in '/home/bernsteinb/Desktop/slammers-bryce/orb/ros2_ws/build/webpub' returned '0': DEBUGINFOD_URLS=https://debuginfod.ubuntu.com /usr/bin/cmake --install /home/bernsteinb/Desktop/slammers-bryce/orb/ros2_ws/build/webpub
[0.215s] Level 1:colcon.colcon_core.environment:checking '/home/bernsteinb/Desktop/slammers-bryce/orb/ros2_ws/install/webpub' for CMake module files
[0.215s] Level 1:colcon.colcon_core.environment:checking '/home/bernsteinb/Desktop/slammers-bryce/orb/ros2_ws/install/webpub' for CMake config files
[0.215s] Level 1:colcon.colcon_core.shell:create_environment_hook('webpub', 'cmake_prefix_path')
[0.215s] INFO:colcon.colcon_core.shell:Creating environment hook '/home/bernsteinb/Desktop/slammers-bryce/orb/ros2_ws/install/webpub/share/webpub/hook/cmake_prefix_path.ps1'
[0.216s] INFO:colcon.colcon_core.shell:Creating environment descriptor '/home/bernsteinb/Desktop/slammers-bryce/orb/ros2_ws/install/webpub/share/webpub/hook/cmake_prefix_path.dsv'
[0.216s] INFO:colcon.colcon_core.shell:Creating environment hook '/home/bernsteinb/Desktop/slammers-bryce/orb/ros2_ws/install/webpub/share/webpub/hook/cmake_prefix_path.sh'
[0.216s] Level 1:colcon.colcon_core.environment:checking '/home/bernsteinb/Desktop/slammers-bryce/orb/ros2_ws/install/webpub/lib'
[0.216s] Level 1:colcon.colcon_core.environment:checking '/home/bernsteinb/Desktop/slammers-bryce/orb/ros2_ws/install/webpub/bin'
[0.216s] Level 1:colcon.colcon_core.environment:checking '/home/bernsteinb/Desktop/slammers-bryce/orb/ros2_ws/install/webpub/lib/pkgconfig/webpub.pc'
[0.217s] Level 1:colcon.colcon_core.environment:checking '/home/bernsteinb/Desktop/slammers-bryce/orb/ros2_ws/install/webpub/lib/python3.12/site-packages'
[0.217s] Level 1:colcon.colcon_core.environment:checking '/home/bernsteinb/Desktop/slammers-bryce/orb/ros2_ws/install/webpub/bin'
[0.217s] INFO:colcon.colcon_core.shell:Creating package script '/home/bernsteinb/Desktop/slammers-bryce/orb/ros2_ws/install/webpub/share/webpub/package.ps1'
[0.218s] INFO:colcon.colcon_core.shell:Creating package descriptor '/home/bernsteinb/Desktop/slammers-bryce/orb/ros2_ws/install/webpub/share/webpub/package.dsv'
[0.218s] INFO:colcon.colcon_core.shell:Creating package script '/home/bernsteinb/Desktop/slammers-bryce/orb/ros2_ws/install/webpub/share/webpub/package.sh'
[0.218s] INFO:colcon.colcon_core.shell:Creating package script '/home/bernsteinb/Desktop/slammers-bryce/orb/ros2_ws/install/webpub/share/webpub/package.bash'
[0.218s] INFO:colcon.colcon_core.shell:Creating package script '/home/bernsteinb/Desktop/slammers-bryce/orb/ros2_ws/install/webpub/share/webpub/package.zsh'
[0.219s] Level 1:colcon.colcon_core.environment:create_file_with_runtime_dependencies(/home/bernsteinb/Desktop/slammers-bryce/orb/ros2_ws/install/webpub/share/colcon-core/packages/webpub)
[0.219s] Level 1:colcon.colcon_core.environment:create_environment_scripts_only(webpub)
[0.219s] Level 1:colcon.colcon_core.environment:checking '/home/bernsteinb/Desktop/slammers-bryce/orb/ros2_ws/install/webpub' for CMake module files
[0.219s] Level 1:colcon.colcon_core.environment:checking '/home/bernsteinb/Desktop/slammers-bryce/orb/ros2_ws/install/webpub' for CMake config files
[0.219s] Level 1:colcon.colcon_core.shell:create_environment_hook('webpub', 'cmake_prefix_path')
[0.219s] INFO:colcon.colcon_core.shell:Creating environment hook '/home/bernsteinb/Desktop/slammers-bryce/orb/ros2_ws/install/webpub/share/webpub/hook/cmake_prefix_path.ps1'
[0.219s] INFO:colcon.colcon_core.shell:Creating environment descriptor '/home/bernsteinb/Desktop/slammers-bryce/orb/ros2_ws/install/webpub/share/webpub/hook/cmake_prefix_path.dsv'
[0.220s] INFO:colcon.colcon_core.shell:Creating environment hook '/home/bernsteinb/Desktop/slammers-bryce/orb/ros2_ws/install/webpub/share/webpub/hook/cmake_prefix_path.sh'
[0.220s] Level 1:colcon.colcon_core.environment:checking '/home/bernsteinb/Desktop/slammers-bryce/orb/ros2_ws/install/webpub/lib'
[0.220s] Level 1:colcon.colcon_core.environment:checking '/home/bernsteinb/Desktop/slammers-bryce/orb/ros2_ws/install/webpub/bin'
[0.220s] Level 1:colcon.colcon_core.environment:checking '/home/bernsteinb/Desktop/slammers-bryce/orb/ros2_ws/install/webpub/lib/pkgconfig/webpub.pc'
[0.220s] Level 1:colcon.colcon_core.environment:checking '/home/bernsteinb/Desktop/slammers-bryce/orb/ros2_ws/install/webpub/lib/python3.12/site-packages'
[0.220s] Level 1:colcon.colcon_core.environment:checking '/home/bernsteinb/Desktop/slammers-bryce/orb/ros2_ws/install/webpub/bin'
[0.220s] INFO:colcon.colcon_core.shell:Creating package script '/home/bernsteinb/Desktop/slammers-bryce/orb/ros2_ws/install/webpub/share/webpub/package.ps1'
[0.220s] INFO:colcon.colcon_core.shell:Creating package descriptor '/home/bernsteinb/Desktop/slammers-bryce/orb/ros2_ws/install/webpub/share/webpub/package.dsv'
[0.221s] INFO:colcon.colcon_core.shell:Creating package script '/home/bernsteinb/Desktop/slammers-bryce/orb/ros2_ws/install/webpub/share/webpub/package.sh'
[0.221s] INFO:colcon.colcon_core.shell:Creating package script '/home/bernsteinb/Desktop/slammers-bryce/orb/ros2_ws/install/webpub/share/webpub/package.bash'
[0.221s] INFO:colcon.colcon_core.shell:Creating package script '/home/bernsteinb/Desktop/slammers-bryce/orb/ros2_ws/install/webpub/share/webpub/package.zsh'
[0.221s] Level 1:colcon.colcon_core.environment:create_file_with_runtime_dependencies(/home/bernsteinb/Desktop/slammers-bryce/orb/ros2_ws/install/webpub/share/colcon-core/packages/webpub)
[0.222s] Level 1:colcon.colcon_core.environment:create_environment_scripts_only(cpp_ros_practice)
[0.222s] Level 1:colcon.colcon_core.environment:checking '/home/bernsteinb/Desktop/slammers-bryce/orb/ros2_ws/install/cpp_ros_practice' for CMake module files
[0.222s] DEBUG:colcon.colcon_core.event_handler.log_command:Invoked command in '/home/bernsteinb/Desktop/slammers-bryce/orb/ros2_ws/build/cpp_ros_practice' returned '0': DEBUGINFOD_URLS=https://debuginfod.ubuntu.com /usr/bin/cmake --install /home/bernsteinb/Desktop/slammers-bryce/orb/ros2_ws/build/cpp_ros_practice
[0.222s] Level 1:colcon.colcon_core.environment:checking '/home/bernsteinb/Desktop/slammers-bryce/orb/ros2_ws/install/cpp_ros_practice' for CMake config files
[0.222s] Level 1:colcon.colcon_core.shell:create_environment_hook('cpp_ros_practice', 'cmake_prefix_path')
[0.222s] INFO:colcon.colcon_core.shell:Creating environment hook '/home/bernsteinb/Desktop/slammers-bryce/orb/ros2_ws/install/cpp_ros_practice/share/cpp_ros_practice/hook/cmake_prefix_path.ps1'
[0.222s] INFO:colcon.colcon_core.shell:Creating environment descriptor '/home/bernsteinb/Desktop/slammers-bryce/orb/ros2_ws/install/cpp_ros_practice/share/cpp_ros_practice/hook/cmake_prefix_path.dsv'
[0.223s] INFO:colcon.colcon_core.shell:Creating environment hook '/home/bernsteinb/Desktop/slammers-bryce/orb/ros2_ws/install/cpp_ros_practice/share/cpp_ros_practice/hook/cmake_prefix_path.sh'
[0.223s] Level 1:colcon.colcon_core.environment:checking '/home/bernsteinb/Desktop/slammers-bryce/orb/ros2_ws/install/cpp_ros_practice/lib'
[0.223s] Level 1:colcon.colcon_core.environment:checking '/home/bernsteinb/Desktop/slammers-bryce/orb/ros2_ws/install/cpp_ros_practice/bin'
[0.223s] Level 1:colcon.colcon_core.environment:checking '/home/bernsteinb/Desktop/slammers-bryce/orb/ros2_ws/install/cpp_ros_practice/lib/pkgconfig/cpp_ros_practice.pc'
[0.223s] Level 1:colcon.colcon_core.environment:checking '/home/bernsteinb/Desktop/slammers-bryce/orb/ros2_ws/install/cpp_ros_practice/lib/python3.12/site-packages'
[0.223s] Level 1:colcon.colcon_core.environment:checking '/home/bernsteinb/Desktop/slammers-bryce/orb/ros2_ws/install/cpp_ros_practice/bin'
[0.223s] INFO:colcon.colcon_core.shell:Creating package script '/home/bernsteinb/Desktop/slammers-bryce/orb/ros2_ws/install/cpp_ros_practice/share/cpp_ros_practice/package.ps1'
[0.223s] INFO:colcon.colcon_core.shell:Creating package descriptor '/home/bernsteinb/Desktop/slammers-bryce/orb/ros2_ws/install/cpp_ros_practice/share/cpp_ros_practice/package.dsv'
[0.223s] INFO:colcon.colcon_core.shell:Creating package script '/home/bernsteinb/Desktop/slammers-bryce/orb/ros2_ws/install/cpp_ros_practice/share/cpp_ros_practice/package.sh'
[0.224s] INFO:colcon.colcon_core.shell:Creating package script '/home/bernsteinb/Desktop/slammers-bryce/orb/ros2_ws/install/cpp_ros_practice/share/cpp_ros_practice/package.bash'
[0.224s] INFO:colcon.colcon_core.shell:Creating package script '/home/bernsteinb/Desktop/slammers-bryce/orb/ros2_ws/install/cpp_ros_practice/share/cpp_ros_practice/package.zsh'
[0.224s] Level 1:colcon.colcon_core.environment:create_file_with_runtime_dependencies(/home/bernsteinb/Desktop/slammers-bryce/orb/ros2_ws/install/cpp_ros_practice/share/colcon-core/packages/cpp_ros_practice)
[0.224s] Level 1:colcon.colcon_core.environment:create_environment_scripts_only(cpp_ros_practice)
[0.224s] Level 1:colcon.colcon_core.environment:checking '/home/bernsteinb/Desktop/slammers-bryce/orb/ros2_ws/install/cpp_ros_practice' for CMake module files
[0.224s] Level 1:colcon.colcon_core.environment:checking '/home/bernsteinb/Desktop/slammers-bryce/orb/ros2_ws/install/cpp_ros_practice' for CMake config files
[0.224s] Level 1:colcon.colcon_core.shell:create_environment_hook('cpp_ros_practice', 'cmake_prefix_path')
[0.224s] INFO:colcon.colcon_core.shell:Creating environment hook '/home/bernsteinb/Desktop/slammers-bryce/orb/ros2_ws/install/cpp_ros_practice/share/cpp_ros_practice/hook/cmake_prefix_path.ps1'
[0.225s] INFO:colcon.colcon_core.shell:Creating environment descriptor '/home/bernsteinb/Desktop/slammers-bryce/orb/ros2_ws/install/cpp_ros_practice/share/cpp_ros_practice/hook/cmake_prefix_path.dsv'
[0.225s] INFO:colcon.colcon_core.shell:Creating environment hook '/home/bernsteinb/Desktop/slammers-bryce/orb/ros2_ws/install/cpp_ros_practice/share/cpp_ros_practice/hook/cmake_prefix_path.sh'
[0.225s] Level 1:colcon.colcon_core.environment:checking '/home/bernsteinb/Desktop/slammers-bryce/orb/ros2_ws/install/cpp_ros_practice/lib'
[0.225s] Level 1:colcon.colcon_core.environment:checking '/home/bernsteinb/Desktop/slammers-bryce/orb/ros2_ws/install/cpp_ros_practice/bin'
[0.225s] Level 1:colcon.colcon_core.environment:checking '/home/bernsteinb/Desktop/slammers-bryce/orb/ros2_ws/install/cpp_ros_practice/lib/pkgconfig/cpp_ros_practice.pc'
[0.225s] Level 1:colcon.colcon_core.environment:checking '/home/bernsteinb/Desktop/slammers-bryce/orb/ros2_ws/install/cpp_ros_practice/lib/python3.12/site-packages'
[0.225s] Level 1:colcon.colcon_core.environment:checking '/home/bernsteinb/Desktop/slammers-bryce/orb/ros2_ws/install/cpp_ros_practice/bin'
[0.225s] INFO:colcon.colcon_core.shell:Creating package script '/home/bernsteinb/Desktop/slammers-bryce/orb/ros2_ws/install/cpp_ros_practice/share/cpp_ros_practice/package.ps1'
[0.226s] INFO:colcon.colcon_core.shell:Creating package descriptor '/home/bernsteinb/Desktop/slammers-bryce/orb/ros2_ws/install/cpp_ros_practice/share/cpp_ros_practice/package.dsv'
[0.226s] INFO:colcon.colcon_core.shell:Creating package script '/home/bernsteinb/Desktop/slammers-bryce/orb/ros2_ws/install/cpp_ros_practice/share/cpp_ros_practice/package.sh'
[0.226s] INFO:colcon.colcon_core.shell:Creating package script '/home/bernsteinb/Desktop/slammers-bryce/orb/ros2_ws/install/cpp_ros_practice/share/cpp_ros_practice/package.bash'
[0.226s] INFO:colcon.colcon_core.shell:Creating package script '/home/bernsteinb/Desktop/slammers-bryce/orb/ros2_ws/install/cpp_ros_practice/share/cpp_ros_practice/package.zsh'
[0.226s] Level 1:colcon.colcon_core.environment:create_file_with_runtime_dependencies(/home/bernsteinb/Desktop/slammers-bryce/orb/ros2_ws/install/cpp_ros_practice/share/colcon-core/packages/cpp_ros_practice)
[0.564s] DEBUG:colcon.colcon_core.event_handler.log_command:Invoked command in '/home/bernsteinb/Desktop/slammers-bryce/orb/ros2_ws/build/orb_slam' returned '2': DEBUGINFOD_URLS=https://debuginfod.ubuntu.com /usr/bin/cmake --build /home/bernsteinb/Desktop/slammers-bryce/orb/ros2_ws/build/orb_slam -- -j28 -l28
[0.564s] Level 1:colcon.colcon_core.environment:create_environment_scripts_only(orb_slam)
[0.564s] Level 1:colcon.colcon_core.environment:checking '/home/bernsteinb/Desktop/slammers-bryce/orb/ros2_ws/install/orb_slam' for CMake module files
[0.564s] Level 1:colcon.colcon_core.environment:checking '/home/bernsteinb/Desktop/slammers-bryce/orb/ros2_ws/install/orb_slam' for CMake config files
[0.564s] Level 1:colcon.colcon_core.shell:create_environment_hook('orb_slam', 'cmake_prefix_path')
[0.564s] INFO:colcon.colcon_core.shell:Creating environment hook '/home/bernsteinb/Desktop/slammers-bryce/orb/ros2_ws/install/orb_slam/share/orb_slam/hook/cmake_prefix_path.ps1'
[0.565s] INFO:colcon.colcon_core.shell:Creating environment descriptor '/home/bernsteinb/Desktop/slammers-bryce/orb/ros2_ws/install/orb_slam/share/orb_slam/hook/cmake_prefix_path.dsv'
[0.565s] INFO:colcon.colcon_core.shell:Creating environment hook '/home/bernsteinb/Desktop/slammers-bryce/orb/ros2_ws/install/orb_slam/share/orb_slam/hook/cmake_prefix_path.sh'
[0.565s] Level 1:colcon.colcon_core.environment:checking '/home/bernsteinb/Desktop/slammers-bryce/orb/ros2_ws/install/orb_slam/lib'
[0.565s] Level 1:colcon.colcon_core.shell:create_environment_hook('orb_slam', 'ld_library_path_lib')
[0.565s] INFO:colcon.colcon_core.shell:Creating environment hook '/home/bernsteinb/Desktop/slammers-bryce/orb/ros2_ws/install/orb_slam/share/orb_slam/hook/ld_library_path_lib.ps1'
[0.565s] INFO:colcon.colcon_core.shell:Creating environment descriptor '/home/bernsteinb/Desktop/slammers-bryce/orb/ros2_ws/install/orb_slam/share/orb_slam/hook/ld_library_path_lib.dsv'
[0.565s] INFO:colcon.colcon_core.shell:Creating environment hook '/home/bernsteinb/Desktop/slammers-bryce/orb/ros2_ws/install/orb_slam/share/orb_slam/hook/ld_library_path_lib.sh'
[0.566s] Level 1:colcon.colcon_core.environment:checking '/home/bernsteinb/Desktop/slammers-bryce/orb/ros2_ws/install/orb_slam/bin'
[0.566s] Level 1:colcon.colcon_core.environment:checking '/home/bernsteinb/Desktop/slammers-bryce/orb/ros2_ws/install/orb_slam/lib/pkgconfig/orb_slam.pc'
[0.566s] Level 1:colcon.colcon_core.environment:checking '/home/bernsteinb/Desktop/slammers-bryce/orb/ros2_ws/install/orb_slam/lib/python3.12/site-packages'
[0.566s] Level 1:colcon.colcon_core.environment:checking '/home/bernsteinb/Desktop/slammers-bryce/orb/ros2_ws/install/orb_slam/bin'
[0.566s] INFO:colcon.colcon_core.shell:Creating package script '/home/bernsteinb/Desktop/slammers-bryce/orb/ros2_ws/install/orb_slam/share/orb_slam/package.ps1'
[0.566s] INFO:colcon.colcon_core.shell:Creating package descriptor '/home/bernsteinb/Desktop/slammers-bryce/orb/ros2_ws/install/orb_slam/share/orb_slam/package.dsv'
[0.566s] INFO:colcon.colcon_core.shell:Creating package script '/home/bernsteinb/Desktop/slammers-bryce/orb/ros2_ws/install/orb_slam/share/orb_slam/package.sh'
[0.567s] INFO:colcon.colcon_core.shell:Creating package script '/home/bernsteinb/Desktop/slammers-bryce/orb/ros2_ws/install/orb_slam/share/orb_slam/package.bash'
[0.567s] INFO:colcon.colcon_core.shell:Creating package script '/home/bernsteinb/Desktop/slammers-bryce/orb/ros2_ws/install/orb_slam/share/orb_slam/package.zsh'
[0.567s] Level 1:colcon.colcon_core.environment:create_file_with_runtime_dependencies(/home/bernsteinb/Desktop/slammers-bryce/orb/ros2_ws/install/orb_slam/share/colcon-core/packages/orb_slam)
[0.577s] DEBUG:colcon.colcon_parallel_executor.executor.parallel:closing loop
[0.577s] DEBUG:colcon.colcon_parallel_executor.executor.parallel:loop closed
[0.577s] DEBUG:colcon.colcon_parallel_executor.executor.parallel:run_until_complete finished with '2'
[0.577s] DEBUG:colcon.colcon_core.event_reactor:joining thread
[0.583s] INFO:colcon.colcon_core.plugin_system:Skipping extension 'colcon_notification.desktop_notification.terminal_notifier': Not used on non-Darwin systems
[0.584s] INFO:colcon.colcon_core.plugin_system:Skipping extension 'colcon_notification.desktop_notification.win32': Not used on non-Windows systems
[0.584s] INFO:colcon.colcon_notification.desktop_notification:Sending desktop notification using 'notify2'
[0.592s] DEBUG:colcon.colcon_core.event_reactor:joined thread
[0.592s] INFO:colcon.colcon_core.shell:Creating prefix script '/home/bernsteinb/Desktop/slammers-bryce/orb/ros2_ws/install/local_setup.ps1'
[0.593s] INFO:colcon.colcon_core.shell:Creating prefix util module '/home/bernsteinb/Desktop/slammers-bryce/orb/ros2_ws/install/_local_setup_util_ps1.py'
[0.593s] INFO:colcon.colcon_core.shell:Creating prefix chain script '/home/bernsteinb/Desktop/slammers-bryce/orb/ros2_ws/install/setup.ps1'
[0.594s] INFO:colcon.colcon_core.shell:Creating prefix script '/home/bernsteinb/Desktop/slammers-bryce/orb/ros2_ws/install/local_setup.sh'
[0.594s] INFO:colcon.colcon_core.shell:Creating prefix util module '/home/bernsteinb/Desktop/slammers-bryce/orb/ros2_ws/install/_local_setup_util_sh.py'
[0.594s] INFO:colcon.colcon_core.shell:Creating prefix chain script '/home/bernsteinb/Desktop/slammers-bryce/orb/ros2_ws/install/setup.sh'
[0.595s] INFO:colcon.colcon_core.shell:Creating prefix script '/home/bernsteinb/Desktop/slammers-bryce/orb/ros2_ws/install/local_setup.bash'
[0.595s] INFO:colcon.colcon_core.shell:Creating prefix chain script '/home/bernsteinb/Desktop/slammers-bryce/orb/ros2_ws/install/setup.bash'
[0.595s] INFO:colcon.colcon_core.shell:Creating prefix script '/home/bernsteinb/Desktop/slammers-bryce/orb/ros2_ws/install/local_setup.zsh'
[0.595s] INFO:colcon.colcon_core.shell:Creating prefix chain script '/home/bernsteinb/Desktop/slammers-bryce/orb/ros2_ws/install/setup.zsh'
