-- The C compiler identification is GNU 13.3.0
-- The CXX compiler identification is GNU 13.3.0
-- Detecting C compiler ABI info
-- Detecting C compiler ABI info - done
-- Check for working C compiler: /usr/bin/cc - skipped
-- Detecting C compile features
-- Detecting C compile features - done
-- Detecting CXX compiler ABI info
-- Detecting CXX compiler ABI info - done
-- Check for working CXX compiler: /usr/bin/c++ - skipped
-- Detecting CXX compile features
-- Detecting CXX compile features - done
-- Found ament_cmake: 2.5.4 (/opt/ros/jazzy/share/ament_cmake/cmake)
-- Found Python3: /usr/bin/python3 (found version "3.12.3") found components: Interpreter 
-- Found OpenCV: /usr (found version "4.6.0") 
-- Found Boost: /usr/lib/x86_64-linux-gnu/cmake/Boost-1.83.0/BoostConfig.cmake (found version "1.83.0") found components: thread system 
-- Found std_msgs: 5.3.6 (/opt/ros/jazzy/share/std_msgs/cmake)
-- Found rosidl_generator_c: 4.6.6 (/opt/ros/jazzy/share/rosidl_generator_c/cmake)
-- Found rosidl_generator_cpp: 4.6.6 (/opt/ros/jazzy/share/rosidl_generator_cpp/cmake)
-- Using all available rosidl_typesupport_c: rosidl_typesupport_fastrtps_c;rosidl_typesupport_introspection_c
-- Using all available rosidl_typesupport_cpp: rosidl_typesupport_fastrtps_cpp;rosidl_typesupport_introspection_cpp
-- Found sensor_msgs: 5.3.6 (/opt/ros/jazzy/share/sensor_msgs/cmake)
-- Found cv_bridge: 4.1.0 (/opt/ros/jazzy/share/cv_bridge/cmake)
-- Found rmw_implementation_cmake: 7.3.2 (/opt/ros/jazzy/share/rmw_implementation_cmake/cmake)
-- Found rmw_fastrtps_cpp: 8.4.3 (/opt/ros/jazzy/share/rmw_fastrtps_cpp/cmake)
-- Found OpenSSL: /usr/lib/x86_64-linux-gnu/libcrypto.so (found version "3.0.13")  
-- Found FastRTPS: /opt/ros/jazzy/include (Required is at least version "2.13") 
-- Using RMW implementation 'rmw_fastrtps_cpp' as default
-- Found tf2: 0.36.16 (/opt/ros/jazzy/share/tf2/cmake)
-- Found tf2_ros: 0.36.16 (/opt/ros/jazzy/share/tf2_ros/cmake)
-- Found image_transport: 5.1.7 (/opt/ros/jazzy/share/image_transport/cmake)
-- Found visualization_msgs: 5.3.6 (/opt/ros/jazzy/share/visualization_msgs/cmake)
-- Found tf2_geometry_msgs: 0.36.16 (/opt/ros/jazzy/share/tf2_geometry_msgs/cmake)
-- Found eigen3_cmake_module: 0.3.0 (/opt/ros/jazzy/share/eigen3_cmake_module/cmake)
-- Found Eigen3: TRUE (found version "3.4.0") 
-- Ensuring Eigen3 include directory is part of orocos-kdl CMake target
-- Found ament_lint_auto: 0.17.3 (/opt/ros/jazzy/share/ament_lint_auto/cmake)
-- Added test 'cppcheck' to perform static code analysis on C / C++ code
-- Configured cppcheck include dirs: /home/bernsteinb/Desktop/slammers-bryce/orb/ros2_ws/src/orb_slam/include/orb_slam;/home/bernsteinb/Desktop/slammers-bryce/orb/ros2_ws/src/orb_slam/Thirdparty
-- Configured cppcheck exclude dirs and/or files: 
-- Added test 'lint_cmake' to check CMake code style
-- Added test 'uncrustify' to check C / C++ code style
-- Configured uncrustify additional arguments: 
-- Added test 'xmllint' to check XML markup files
-- Configuring done (0.9s)
-- Generating done (0.0s)
-- Build files have been written to: /home/bernsteinb/Desktop/slammers-bryce/orb/ros2_ws/build/orb_slam
[  5%] [32mBuilding CXX object CMakeFiles/orb_slam.dir/src/FramePublisher.cc.o[0m
[ 15%] [32mBuilding CXX object CMakeFiles/orb_slam.dir/src/Map.cc.o[0m
[ 15%] [32mBuilding CXX object CMakeFiles/orb_slam.dir/src/Optimizer.cc.o[0m
[ 21%] [32mBuilding CXX object CMakeFiles/orb_slam.dir/src/PnPsolver.cc.o[0m
[ 42%] [32mBuilding CXX object CMakeFiles/orb_slam.dir/src/LoopClosing.cc.o[0m
[ 42%] [32mBuilding CXX object CMakeFiles/orb_slam.dir/src/LocalMapping.cc.o[0m
[ 42%] [32mBuilding CXX object CMakeFiles/orb_slam.dir/src/Tracking.cc.o[0m
[ 42%] [32mBuilding CXX object CMakeFiles/orb_slam.dir/src/main.cc.o[0m
[ 47%] [32mBuilding CXX object CMakeFiles/orb_slam.dir/src/ORBextractor.cc.o[0m
[ 52%] [32mBuilding CXX object CMakeFiles/orb_slam.dir/src/MapPoint.cc.o[0m
[ 57%] [32mBuilding CXX object CMakeFiles/orb_slam.dir/src/KeyFrameDatabase.cc.o[0m
[ 63%] [32mBuilding CXX object CMakeFiles/orb_slam.dir/src/ORBmatcher.cc.o[0m
[ 68%] [32mBuilding CXX object CMakeFiles/orb_slam.dir/src/Frame.cc.o[0m
[ 78%] [32mBuilding CXX object CMakeFiles/orb_slam.dir/src/Converter.cc.o[0m
[ 78%] [32mBuilding CXX object CMakeFiles/orb_slam.dir/src/Sim3Solver.cc.o[0m
[ 84%] [32mBuilding CXX object CMakeFiles/orb_slam.dir/src/Initializer.cc.o[0m
[ 89%] [32mBuilding CXX object CMakeFiles/orb_slam.dir/src/KeyFrame.cc.o[0m
[ 94%] [32mBuilding CXX object CMakeFiles/orb_slam.dir/src/MapPublisher.cc.o[0m
[100%] [32m[1mLinking CXX executable /home/bernsteinb/Desktop/slammers-bryce/orb/ros2_ws/src/orb_slam/bin/orb_slam[0m
[100%] Built target orb_slam
-- Install configuration: ""
-- Installing: /home/bernsteinb/Desktop/slammers-bryce/orb/ros2_ws/install/orb_slam/lib/orb_slam/orb_slam
-- Set non-toolchain portion of runtime path of "/home/bernsteinb/Desktop/slammers-bryce/orb/ros2_ws/install/orb_slam/lib/orb_slam/orb_slam" to "$ORIGIN/../Thirdparty/DBoW2/lib"
-- Installing: /home/bernsteinb/Desktop/slammers-bryce/orb/ros2_ws/install/orb_slam/lib/libDBoW2.so
-- Installing: /home/bernsteinb/Desktop/slammers-bryce/orb/ros2_ws/install/orb_slam/lib/libg2o.so
-- Installing: /home/bernsteinb/Desktop/slammers-bryce/orb/ros2_ws/install/orb_slam/share/orb_slam//Data
-- Installing: /home/bernsteinb/Desktop/slammers-bryce/orb/ros2_ws/install/orb_slam/share/orb_slam//Data/rviz.vcg
-- Installing: /home/bernsteinb/Desktop/slammers-bryce/orb/ros2_ws/install/orb_slam/share/orb_slam//Data/Settings.yaml
-- Installing: /home/bernsteinb/Desktop/slammers-bryce/orb/ros2_ws/install/orb_slam/share/orb_slam//Data/ORBvoc.txt
-- Installing: /home/bernsteinb/Desktop/slammers-bryce/orb/ros2_ws/install/orb_slam/share/orb_slam//Data/ORBvoc.txt.tar.gz
-- Installing: /home/bernsteinb/Desktop/slammers-bryce/orb/ros2_ws/install/orb_slam/share/orb_slam//Data/rviz.rviz
-- Installing: /home/bernsteinb/Desktop/slammers-bryce/orb/ros2_ws/install/orb_slam/share/ament_index/resource_index/package_run_dependencies/orb_slam
-- Installing: /home/bernsteinb/Desktop/slammers-bryce/orb/ros2_ws/install/orb_slam/share/ament_index/resource_index/parent_prefix_path/orb_slam
-- Installing: /home/bernsteinb/Desktop/slammers-bryce/orb/ros2_ws/install/orb_slam/share/orb_slam/environment/ament_prefix_path.sh
-- Installing: /home/bernsteinb/Desktop/slammers-bryce/orb/ros2_ws/install/orb_slam/share/orb_slam/environment/ament_prefix_path.dsv
-- Installing: /home/bernsteinb/Desktop/slammers-bryce/orb/ros2_ws/install/orb_slam/share/orb_slam/environment/path.sh
-- Installing: /home/bernsteinb/Desktop/slammers-bryce/orb/ros2_ws/install/orb_slam/share/orb_slam/environment/path.dsv
-- Installing: /home/bernsteinb/Desktop/slammers-bryce/orb/ros2_ws/install/orb_slam/share/orb_slam/local_setup.bash
-- Installing: /home/bernsteinb/Desktop/slammers-bryce/orb/ros2_ws/install/orb_slam/share/orb_slam/local_setup.sh
-- Installing: /home/bernsteinb/Desktop/slammers-bryce/orb/ros2_ws/install/orb_slam/share/orb_slam/local_setup.zsh
-- Installing: /home/bernsteinb/Desktop/slammers-bryce/orb/ros2_ws/install/orb_slam/share/orb_slam/local_setup.dsv
-- Installing: /home/bernsteinb/Desktop/slammers-bryce/orb/ros2_ws/install/orb_slam/share/orb_slam/package.dsv
-- Installing: /home/bernsteinb/Desktop/slammers-bryce/orb/ros2_ws/install/orb_slam/share/ament_index/resource_index/packages/orb_slam
-- Installing: /home/bernsteinb/Desktop/slammers-bryce/orb/ros2_ws/install/orb_slam/share/orb_slam/cmake/orb_slamConfig.cmake
-- Installing: /home/bernsteinb/Desktop/slammers-bryce/orb/ros2_ws/install/orb_slam/share/orb_slam/cmake/orb_slamConfig-version.cmake
-- Installing: /home/bernsteinb/Desktop/slammers-bryce/orb/ros2_ws/install/orb_slam/share/orb_slam/package.xml
