[0.005s] Invoking command in '/home/bernsteinb/Desktop/slammers-bryce/orb/ros2_ws/build/orb_slam': CMAKE_PREFIX_PATH=${CMAKE_PREFIX_PATH}:/opt/ros/jazzy DEBUGINFOD_URLS=https://debuginfod.ubuntu.com /usr/bin/cmake /home/bernsteinb/Desktop/slammers-bryce/orb/ros2_ws/src/orb_slam -DCMAKE_INSTALL_PREFIX=/home/bernsteinb/Desktop/slammers-bryce/orb/ros2_ws/install/orb_slam
[0.041s] -- The C compiler identification is GNU 13.3.0
[0.071s] -- The CXX compiler identification is GNU 13.3.0
[0.081s] -- Detecting C compiler ABI info
[0.150s] -- Detecting C compiler ABI info - done
[0.156s] -- Check for working C compiler: /usr/bin/cc - skipped
[0.156s] -- Detecting C compile features
[0.157s] -- Detecting C compile features - done
[0.163s] -- Detecting CXX compiler ABI info
[0.217s] -- Detecting CXX compiler ABI info - done
[0.222s] -- Check for working CXX compiler: /usr/bin/c++ - skipped
[0.222s] -- Detecting CXX compile features
[0.222s] -- Detecting CXX compile features - done
[0.224s] -- Found ament_cmake: 2.5.4 (/opt/ros/jazzy/share/ament_cmake/cmake)
[0.312s] -- Found Python3: /usr/bin/python3 (found version "3.12.3") found components: Interpreter 
[0.386s] -- Found OpenCV: /usr (found version "4.6.0") 
[0.458s] -- Found Boost: /usr/lib/x86_64-linux-gnu/cmake/Boost-1.83.0/BoostConfig.cmake (found version "1.83.0") found components: thread system 
[0.460s] -- Found std_msgs: 5.3.6 (/opt/ros/jazzy/share/std_msgs/cmake)
[0.485s] -- Found rosidl_generator_c: 4.6.6 (/opt/ros/jazzy/share/rosidl_generator_c/cmake)
[0.494s] -- Found rosidl_generator_cpp: 4.6.6 (/opt/ros/jazzy/share/rosidl_generator_cpp/cmake)
[0.505s] -- Using all available rosidl_typesupport_c: rosidl_typesupport_fastrtps_c;rosidl_typesupport_introspection_c
[0.515s] -- Using all available rosidl_typesupport_cpp: rosidl_typesupport_fastrtps_cpp;rosidl_typesupport_introspection_cpp
[0.535s] -- Found sensor_msgs: 5.3.6 (/opt/ros/jazzy/share/sensor_msgs/cmake)
[0.565s] -- Found cv_bridge: 4.1.0 (/opt/ros/jazzy/share/cv_bridge/cmake)
[0.596s] -- Found rmw_implementation_cmake: 7.3.2 (/opt/ros/jazzy/share/rmw_implementation_cmake/cmake)
[0.598s] -- Found rmw_fastrtps_cpp: 8.4.3 (/opt/ros/jazzy/share/rmw_fastrtps_cpp/cmake)
[0.654s] -- Found OpenSSL: /usr/lib/x86_64-linux-gnu/libcrypto.so (found version "3.0.13")  
[0.670s] -- Found FastRTPS: /opt/ros/jazzy/include (Required is at least version "2.13") 
[0.685s] -- Using RMW implementation 'rmw_fastrtps_cpp' as default
[0.727s] -- Found tf2: 0.36.16 (/opt/ros/jazzy/share/tf2/cmake)
[0.730s] -- Found tf2_ros: 0.36.16 (/opt/ros/jazzy/share/tf2_ros/cmake)
[0.805s] -- Found image_transport: 5.1.7 (/opt/ros/jazzy/share/image_transport/cmake)
[0.811s] -- Found visualization_msgs: 5.3.6 (/opt/ros/jazzy/share/visualization_msgs/cmake)
[0.829s] -- Found tf2_geometry_msgs: 0.36.16 (/opt/ros/jazzy/share/tf2_geometry_msgs/cmake)
[0.836s] -- Found eigen3_cmake_module: 0.3.0 (/opt/ros/jazzy/share/eigen3_cmake_module/cmake)
[0.837s] -- Found Eigen3: TRUE (found version "3.4.0") 
[0.837s] -- Ensuring Eigen3 include directory is part of orocos-kdl CMake target
[0.841s] -- Found ament_lint_auto: 0.17.3 (/opt/ros/jazzy/share/ament_lint_auto/cmake)
[0.908s] -- Added test 'cppcheck' to perform static code analysis on C / C++ code
[0.908s] -- Configured cppcheck include dirs: /home/bernsteinb/Desktop/slammers-bryce/orb/ros2_ws/src/orb_slam/include/orb_slam;/home/bernsteinb/Desktop/slammers-bryce/orb/ros2_ws/src/orb_slam/Thirdparty
[0.908s] -- Configured cppcheck exclude dirs and/or files: 
[0.910s] -- Added test 'lint_cmake' to check CMake code style
[0.916s] -- Added test 'uncrustify' to check C / C++ code style
[0.916s] -- Configured uncrustify additional arguments: 
[0.917s] -- Added test 'xmllint' to check XML markup files
[0.918s] -- Configuring done (0.9s)
[0.929s] -- Generating done (0.0s)
[0.932s] -- Build files have been written to: /home/bernsteinb/Desktop/slammers-bryce/orb/ros2_ws/build/orb_slam
[0.939s] Invoked command in '/home/bernsteinb/Desktop/slammers-bryce/orb/ros2_ws/build/orb_slam' returned '0': CMAKE_PREFIX_PATH=${CMAKE_PREFIX_PATH}:/opt/ros/jazzy DEBUGINFOD_URLS=https://debuginfod.ubuntu.com /usr/bin/cmake /home/bernsteinb/Desktop/slammers-bryce/orb/ros2_ws/src/orb_slam -DCMAKE_INSTALL_PREFIX=/home/bernsteinb/Desktop/slammers-bryce/orb/ros2_ws/install/orb_slam
[0.940s] Invoking command in '/home/bernsteinb/Desktop/slammers-bryce/orb/ros2_ws/build/orb_slam': CMAKE_PREFIX_PATH=${CMAKE_PREFIX_PATH}:/opt/ros/jazzy DEBUGINFOD_URLS=https://debuginfod.ubuntu.com /usr/bin/cmake --build /home/bernsteinb/Desktop/slammers-bryce/orb/ros2_ws/build/orb_slam -- -j28 -l28
[0.976s] [  5%] [32mBuilding CXX object CMakeFiles/orb_slam.dir/src/FramePublisher.cc.o[0m
[0.976s] [ 15%] [32mBuilding CXX object CMakeFiles/orb_slam.dir/src/Map.cc.o[0m
[0.976s] [ 15%] [32mBuilding CXX object CMakeFiles/orb_slam.dir/src/Optimizer.cc.o[0m
[0.976s] [ 21%] [32mBuilding CXX object CMakeFiles/orb_slam.dir/src/PnPsolver.cc.o[0m
[0.977s] [ 42%] [32mBuilding CXX object CMakeFiles/orb_slam.dir/src/LoopClosing.cc.o[0m
[0.977s] [ 42%] [32mBuilding CXX object CMakeFiles/orb_slam.dir/src/LocalMapping.cc.o[0m
[0.977s] [ 42%] [32mBuilding CXX object CMakeFiles/orb_slam.dir/src/Tracking.cc.o[0m
[0.977s] [ 42%] [32mBuilding CXX object CMakeFiles/orb_slam.dir/src/main.cc.o[0m
[0.977s] [ 47%] [32mBuilding CXX object CMakeFiles/orb_slam.dir/src/ORBextractor.cc.o[0m
[0.977s] [ 52%] [32mBuilding CXX object CMakeFiles/orb_slam.dir/src/MapPoint.cc.o[0m
[0.977s] [ 57%] [32mBuilding CXX object CMakeFiles/orb_slam.dir/src/KeyFrameDatabase.cc.o[0m
[0.978s] [ 63%] [32mBuilding CXX object CMakeFiles/orb_slam.dir/src/ORBmatcher.cc.o[0m
[0.978s] [ 68%] [32mBuilding CXX object CMakeFiles/orb_slam.dir/src/Frame.cc.o[0m
[0.978s] [ 78%] [32mBuilding CXX object CMakeFiles/orb_slam.dir/src/Converter.cc.o[0m
[0.978s] [ 78%] [32mBuilding CXX object CMakeFiles/orb_slam.dir/src/Sim3Solver.cc.o[0m
[0.978s] [ 84%] [32mBuilding CXX object CMakeFiles/orb_slam.dir/src/Initializer.cc.o[0m
[0.978s] [ 89%] [32mBuilding CXX object CMakeFiles/orb_slam.dir/src/KeyFrame.cc.o[0m
[0.979s] [ 94%] [32mBuilding CXX object CMakeFiles/orb_slam.dir/src/MapPublisher.cc.o[0m
[18.184s] [100%] [32m[1mLinking CXX executable /home/bernsteinb/Desktop/slammers-bryce/orb/ros2_ws/src/orb_slam/bin/orb_slam[0m
[18.447s] [100%] Built target orb_slam
[18.454s] Invoked command in '/home/bernsteinb/Desktop/slammers-bryce/orb/ros2_ws/build/orb_slam' returned '0': CMAKE_PREFIX_PATH=${CMAKE_PREFIX_PATH}:/opt/ros/jazzy DEBUGINFOD_URLS=https://debuginfod.ubuntu.com /usr/bin/cmake --build /home/bernsteinb/Desktop/slammers-bryce/orb/ros2_ws/build/orb_slam -- -j28 -l28
[18.455s] Invoking command in '/home/bernsteinb/Desktop/slammers-bryce/orb/ros2_ws/build/orb_slam': CMAKE_PREFIX_PATH=${CMAKE_PREFIX_PATH}:/opt/ros/jazzy DEBUGINFOD_URLS=https://debuginfod.ubuntu.com /usr/bin/cmake --install /home/bernsteinb/Desktop/slammers-bryce/orb/ros2_ws/build/orb_slam
[18.461s] -- Install configuration: ""
[18.461s] -- Installing: /home/bernsteinb/Desktop/slammers-bryce/orb/ros2_ws/install/orb_slam/lib/orb_slam/orb_slam
[18.462s] -- Set non-toolchain portion of runtime path of "/home/bernsteinb/Desktop/slammers-bryce/orb/ros2_ws/install/orb_slam/lib/orb_slam/orb_slam" to "$ORIGIN/../Thirdparty/DBoW2/lib"
[18.462s] -- Installing: /home/bernsteinb/Desktop/slammers-bryce/orb/ros2_ws/install/orb_slam/lib/libDBoW2.so
[18.462s] -- Installing: /home/bernsteinb/Desktop/slammers-bryce/orb/ros2_ws/install/orb_slam/lib/libg2o.so
[18.463s] -- Installing: /home/bernsteinb/Desktop/slammers-bryce/orb/ros2_ws/install/orb_slam/share/orb_slam//Data
[18.463s] -- Installing: /home/bernsteinb/Desktop/slammers-bryce/orb/ros2_ws/install/orb_slam/share/orb_slam//Data/rviz.vcg
[18.463s] -- Installing: /home/bernsteinb/Desktop/slammers-bryce/orb/ros2_ws/install/orb_slam/share/orb_slam//Data/Settings.yaml
[18.463s] -- Installing: /home/bernsteinb/Desktop/slammers-bryce/orb/ros2_ws/install/orb_slam/share/orb_slam//Data/ORBvoc.txt
[18.520s] -- Installing: /home/bernsteinb/Desktop/slammers-bryce/orb/ros2_ws/install/orb_slam/share/orb_slam//Data/ORBvoc.txt.tar.gz
[18.535s] -- Installing: /home/bernsteinb/Desktop/slammers-bryce/orb/ros2_ws/install/orb_slam/share/orb_slam//Data/rviz.rviz
[18.535s] -- Installing: /home/bernsteinb/Desktop/slammers-bryce/orb/ros2_ws/install/orb_slam/share/ament_index/resource_index/package_run_dependencies/orb_slam
[18.537s] -- Installing: /home/bernsteinb/Desktop/slammers-bryce/orb/ros2_ws/install/orb_slam/share/ament_index/resource_index/parent_prefix_path/orb_slam
[18.537s] -- Installing: /home/bernsteinb/Desktop/slammers-bryce/orb/ros2_ws/install/orb_slam/share/orb_slam/environment/ament_prefix_path.sh
[18.537s] -- Installing: /home/bernsteinb/Desktop/slammers-bryce/orb/ros2_ws/install/orb_slam/share/orb_slam/environment/ament_prefix_path.dsv
[18.537s] -- Installing: /home/bernsteinb/Desktop/slammers-bryce/orb/ros2_ws/install/orb_slam/share/orb_slam/environment/path.sh
[18.537s] -- Installing: /home/bernsteinb/Desktop/slammers-bryce/orb/ros2_ws/install/orb_slam/share/orb_slam/environment/path.dsv
[18.537s] -- Installing: /home/bernsteinb/Desktop/slammers-bryce/orb/ros2_ws/install/orb_slam/share/orb_slam/local_setup.bash
[18.537s] -- Installing: /home/bernsteinb/Desktop/slammers-bryce/orb/ros2_ws/install/orb_slam/share/orb_slam/local_setup.sh
[18.537s] -- Installing: /home/bernsteinb/Desktop/slammers-bryce/orb/ros2_ws/install/orb_slam/share/orb_slam/local_setup.zsh
[18.537s] -- Installing: /home/bernsteinb/Desktop/slammers-bryce/orb/ros2_ws/install/orb_slam/share/orb_slam/local_setup.dsv
[18.537s] -- Installing: /home/bernsteinb/Desktop/slammers-bryce/orb/ros2_ws/install/orb_slam/share/orb_slam/package.dsv
[18.538s] -- Installing: /home/bernsteinb/Desktop/slammers-bryce/orb/ros2_ws/install/orb_slam/share/ament_index/resource_index/packages/orb_slam
[18.538s] -- Installing: /home/bernsteinb/Desktop/slammers-bryce/orb/ros2_ws/install/orb_slam/share/orb_slam/cmake/orb_slamConfig.cmake
[18.538s] -- Installing: /home/bernsteinb/Desktop/slammers-bryce/orb/ros2_ws/install/orb_slam/share/orb_slam/cmake/orb_slamConfig-version.cmake
[18.538s] -- Installing: /home/bernsteinb/Desktop/slammers-bryce/orb/ros2_ws/install/orb_slam/share/orb_slam/package.xml
[18.539s] Invoked command in '/home/bernsteinb/Desktop/slammers-bryce/orb/ros2_ws/build/orb_slam' returned '0': CMAKE_PREFIX_PATH=${CMAKE_PREFIX_PATH}:/opt/ros/jazzy DEBUGINFOD_URLS=https://debuginfod.ubuntu.com /usr/bin/cmake --install /home/bernsteinb/Desktop/slammers-bryce/orb/ros2_ws/build/orb_slam
