[0.099s] DEBUG:colcon:Command line arguments: ['/usr/bin/colcon', 'build']
[0.099s] DEBUG:colcon:Parsed command line arguments: Namespace(log_base=None, log_level=None, verb_name='build', build_base='build', install_base='install', merge_install=False, symlink_install=False, test_result_base=None, continue_on_error=False, executor='parallel', parallel_workers=28, event_handlers=None, ignore_user_meta=False, metas=['./colcon.meta'], base_paths=['.'], packages_ignore=None, packages_ignore_regex=None, paths=None, packages_up_to=None, packages_up_to_regex=None, packages_above=None, packages_above_and_dependencies=None, packages_above_depth=None, packages_select_by_dep=None, packages_skip_by_dep=None, packages_skip_up_to=None, packages_select_build_failed=False, packages_skip_build_finished=False, packages_select_test_failures=False, packages_skip_test_passed=False, packages_select=None, packages_skip=None, packages_select_regex=None, packages_skip_regex=None, packages_start=None, packages_end=None, allow_overriding=[], cmake_args=None, cmake_target=None, cmake_target_skip_unavailable=False, cmake_clean_cache=False, cmake_clean_first=False, cmake_force_configure=False, ament_cmake_args=None, catkin_cmake_args=None, catkin_skip_building_tests=False, mixin_files=None, mixin=None, verb_parser=<colcon_mixin.mixin.mixin_argument.MixinArgumentDecorator object at 0x7ef185d04dd0>, verb_extension=<colcon_core.verb.build.BuildVerb object at 0x7ef185d049e0>, main=<bound method BuildVerb.main of <colcon_core.verb.build.BuildVerb object at 0x7ef185d049e0>>, mixin_verb=('build',))
[0.121s] Level 1:colcon.colcon_core.package_discovery:discover_packages(colcon_meta) check parameters
[0.121s] Level 1:colcon.colcon_core.package_discovery:discover_packages(recursive) check parameters
[0.121s] Level 1:colcon.colcon_core.package_discovery:discover_packages(ignore) check parameters
[0.121s] Level 1:colcon.colcon_core.package_discovery:discover_packages(path) check parameters
[0.121s] Level 1:colcon.colcon_core.package_discovery:discover_packages(colcon_meta) discover
[0.121s] Level 1:colcon.colcon_core.package_discovery:discover_packages(recursive) discover
[0.121s] INFO:colcon.colcon_core.package_discovery:Crawling recursively for packages in '/home/bernsteinb/Desktop/slammers-bryce/orb/ros2_ws'
[0.121s] Level 1:colcon.colcon_core.package_identification:_identify(.) by extensions ['ignore', 'ignore_ament_install']
[0.121s] Level 1:colcon.colcon_core.package_identification:_identify(.) by extension 'ignore'
[0.121s] Level 1:colcon.colcon_core.package_identification:_identify(.) by extension 'ignore_ament_install'
[0.121s] Level 1:colcon.colcon_core.package_identification:_identify(.) by extensions ['colcon_pkg']
[0.121s] Level 1:colcon.colcon_core.package_identification:_identify(.) by extension 'colcon_pkg'
[0.121s] Level 1:colcon.colcon_core.package_identification:_identify(.) by extensions ['colcon_meta']
[0.121s] Level 1:colcon.colcon_core.package_identification:_identify(.) by extension 'colcon_meta'
[0.121s] Level 1:colcon.colcon_core.package_identification:_identify(.) by extensions ['ros']
[0.121s] Level 1:colcon.colcon_core.package_identification:_identify(.) by extension 'ros'
[0.136s] Level 1:colcon.colcon_core.package_identification:_identify(.) by extensions ['cmake', 'python']
[0.136s] Level 1:colcon.colcon_core.package_identification:_identify(.) by extension 'cmake'
[0.136s] Level 1:colcon.colcon_core.package_identification:_identify(.) by extension 'python'
[0.136s] Level 1:colcon.colcon_core.package_identification:_identify(.) by extensions ['python_setup_py']
[0.136s] Level 1:colcon.colcon_core.package_identification:_identify(.) by extension 'python_setup_py'
[0.136s] Level 1:colcon.colcon_core.package_identification:_identify(build) by extensions ['ignore', 'ignore_ament_install']
[0.136s] Level 1:colcon.colcon_core.package_identification:_identify(build) by extension 'ignore'
[0.136s] Level 1:colcon.colcon_core.package_identification:_identify(build) ignored
[0.137s] Level 1:colcon.colcon_core.package_identification:_identify(install) by extensions ['ignore', 'ignore_ament_install']
[0.137s] Level 1:colcon.colcon_core.package_identification:_identify(install) by extension 'ignore'
[0.137s] Level 1:colcon.colcon_core.package_identification:_identify(install) ignored
[0.137s] Level 1:colcon.colcon_core.package_identification:_identify(log) by extensions ['ignore', 'ignore_ament_install']
[0.137s] Level 1:colcon.colcon_core.package_identification:_identify(log) by extension 'ignore'
[0.137s] Level 1:colcon.colcon_core.package_identification:_identify(log) ignored
[0.137s] Level 1:colcon.colcon_core.package_identification:_identify(src) by extensions ['ignore', 'ignore_ament_install']
[0.137s] Level 1:colcon.colcon_core.package_identification:_identify(src) by extension 'ignore'
[0.137s] Level 1:colcon.colcon_core.package_identification:_identify(src) by extension 'ignore_ament_install'
[0.137s] Level 1:colcon.colcon_core.package_identification:_identify(src) by extensions ['colcon_pkg']
[0.137s] Level 1:colcon.colcon_core.package_identification:_identify(src) by extension 'colcon_pkg'
[0.137s] Level 1:colcon.colcon_core.package_identification:_identify(src) by extensions ['colcon_meta']
[0.137s] Level 1:colcon.colcon_core.package_identification:_identify(src) by extension 'colcon_meta'
[0.137s] Level 1:colcon.colcon_core.package_identification:_identify(src) by extensions ['ros']
[0.137s] Level 1:colcon.colcon_core.package_identification:_identify(src) by extension 'ros'
[0.137s] Level 1:colcon.colcon_core.package_identification:_identify(src) by extensions ['cmake', 'python']
[0.137s] Level 1:colcon.colcon_core.package_identification:_identify(src) by extension 'cmake'
[0.137s] Level 1:colcon.colcon_core.package_identification:_identify(src) by extension 'python'
[0.137s] Level 1:colcon.colcon_core.package_identification:_identify(src) by extensions ['python_setup_py']
[0.137s] Level 1:colcon.colcon_core.package_identification:_identify(src) by extension 'python_setup_py'
[0.137s] Level 1:colcon.colcon_core.package_identification:_identify(src/cpp_ros_practice) by extensions ['ignore', 'ignore_ament_install']
[0.137s] Level 1:colcon.colcon_core.package_identification:_identify(src/cpp_ros_practice) by extension 'ignore'
[0.137s] Level 1:colcon.colcon_core.package_identification:_identify(src/cpp_ros_practice) by extension 'ignore_ament_install'
[0.137s] Level 1:colcon.colcon_core.package_identification:_identify(src/cpp_ros_practice) by extensions ['colcon_pkg']
[0.137s] Level 1:colcon.colcon_core.package_identification:_identify(src/cpp_ros_practice) by extension 'colcon_pkg'
[0.137s] Level 1:colcon.colcon_core.package_identification:_identify(src/cpp_ros_practice) by extensions ['colcon_meta']
[0.137s] Level 1:colcon.colcon_core.package_identification:_identify(src/cpp_ros_practice) by extension 'colcon_meta'
[0.137s] Level 1:colcon.colcon_core.package_identification:_identify(src/cpp_ros_practice) by extensions ['ros']
[0.137s] Level 1:colcon.colcon_core.package_identification:_identify(src/cpp_ros_practice) by extension 'ros'
[0.139s] DEBUG:colcon.colcon_core.package_identification:Package 'src/cpp_ros_practice' with type 'ros.ament_cmake' and name 'cpp_ros_practice'
[0.139s] Level 1:colcon.colcon_core.package_identification:_identify(src/orb_slam) by extensions ['ignore', 'ignore_ament_install']
[0.139s] Level 1:colcon.colcon_core.package_identification:_identify(src/orb_slam) by extension 'ignore'
[0.139s] Level 1:colcon.colcon_core.package_identification:_identify(src/orb_slam) by extension 'ignore_ament_install'
[0.139s] Level 1:colcon.colcon_core.package_identification:_identify(src/orb_slam) by extensions ['colcon_pkg']
[0.139s] Level 1:colcon.colcon_core.package_identification:_identify(src/orb_slam) by extension 'colcon_pkg'
[0.139s] Level 1:colcon.colcon_core.package_identification:_identify(src/orb_slam) by extensions ['colcon_meta']
[0.139s] Level 1:colcon.colcon_core.package_identification:_identify(src/orb_slam) by extension 'colcon_meta'
[0.139s] Level 1:colcon.colcon_core.package_identification:_identify(src/orb_slam) by extensions ['ros']
[0.139s] Level 1:colcon.colcon_core.package_identification:_identify(src/orb_slam) by extension 'ros'
[0.139s] DEBUG:colcon.colcon_core.package_identification:Package 'src/orb_slam' with type 'ros.ament_cmake' and name 'orb_slam'
[0.139s] Level 1:colcon.colcon_core.package_identification:_identify(src/webpub) by extensions ['ignore', 'ignore_ament_install']
[0.139s] Level 1:colcon.colcon_core.package_identification:_identify(src/webpub) by extension 'ignore'
[0.139s] Level 1:colcon.colcon_core.package_identification:_identify(src/webpub) by extension 'ignore_ament_install'
[0.139s] Level 1:colcon.colcon_core.package_identification:_identify(src/webpub) by extensions ['colcon_pkg']
[0.139s] Level 1:colcon.colcon_core.package_identification:_identify(src/webpub) by extension 'colcon_pkg'
[0.139s] Level 1:colcon.colcon_core.package_identification:_identify(src/webpub) by extensions ['colcon_meta']
[0.139s] Level 1:colcon.colcon_core.package_identification:_identify(src/webpub) by extension 'colcon_meta'
[0.139s] Level 1:colcon.colcon_core.package_identification:_identify(src/webpub) by extensions ['ros']
[0.140s] Level 1:colcon.colcon_core.package_identification:_identify(src/webpub) by extension 'ros'
[0.140s] DEBUG:colcon.colcon_core.package_identification:Package 'src/webpub' with type 'ros.ament_cmake' and name 'webpub'
[0.140s] Level 1:colcon.colcon_core.package_discovery:discover_packages(recursive) using defaults
[0.140s] Level 1:colcon.colcon_core.package_discovery:discover_packages(ignore) discover
[0.140s] Level 1:colcon.colcon_core.package_discovery:discover_packages(ignore) using defaults
[0.140s] Level 1:colcon.colcon_core.package_discovery:discover_packages(path) discover
[0.140s] Level 1:colcon.colcon_core.package_discovery:discover_packages(path) using defaults
[0.150s] Level 1:colcon.colcon_core.package_discovery:discover_packages(prefix_path) check parameters
[0.150s] Level 1:colcon.colcon_core.package_discovery:discover_packages(prefix_path) discover
[0.151s] WARNING:colcon.colcon_ros.prefix_path.ament:The path '/home/bernsteinb/Desktop/slammers-bryce/orb/ros2_ws/install/webpub' in the environment variable AMENT_PREFIX_PATH doesn't exist
[0.151s] WARNING:colcon.colcon_ros.prefix_path.ament:The path '/home/bernsteinb/Desktop/slammers-bryce/orb/ros2_ws/install/orb_slam' in the environment variable AMENT_PREFIX_PATH doesn't exist
[0.151s] WARNING:colcon.colcon_ros.prefix_path.ament:The path '/home/bernsteinb/Desktop/slammers-bryce/orb/ros2_ws/install/cpp_ros_practice' in the environment variable AMENT_PREFIX_PATH doesn't exist
[0.151s] WARNING:colcon.colcon_ros.prefix_path.catkin:The path '/home/bernsteinb/Desktop/slammers-bryce/orb/ros2_ws/install/webpub' in the environment variable CMAKE_PREFIX_PATH doesn't exist
[0.151s] WARNING:colcon.colcon_ros.prefix_path.catkin:The path '/home/bernsteinb/Desktop/slammers-bryce/orb/ros2_ws/install/orb_slam' in the environment variable CMAKE_PREFIX_PATH doesn't exist
[0.151s] WARNING:colcon.colcon_ros.prefix_path.catkin:The path '/home/bernsteinb/Desktop/slammers-bryce/orb/ros2_ws/install/cpp_ros_practice' in the environment variable CMAKE_PREFIX_PATH doesn't exist
[0.152s] DEBUG:colcon.colcon_installed_package_information.package_discovery:Found 0 installed packages in /home/bernsteinb/Desktop/slammers-bryce/orb/ros2_ws/install
[0.153s] DEBUG:colcon.colcon_installed_package_information.package_discovery:Found 437 installed packages in /opt/ros/jazzy
[0.153s] Level 1:colcon.colcon_core.package_discovery:discover_packages(prefix_path) using defaults
[0.177s] Level 5:colcon.colcon_core.verb:set package 'cpp_ros_practice' build argument 'cmake_args' from command line to 'None'
[0.177s] Level 5:colcon.colcon_core.verb:set package 'cpp_ros_practice' build argument 'cmake_target' from command line to 'None'
[0.177s] Level 5:colcon.colcon_core.verb:set package 'cpp_ros_practice' build argument 'cmake_target_skip_unavailable' from command line to 'False'
[0.177s] Level 5:colcon.colcon_core.verb:set package 'cpp_ros_practice' build argument 'cmake_clean_cache' from command line to 'False'
[0.177s] Level 5:colcon.colcon_core.verb:set package 'cpp_ros_practice' build argument 'cmake_clean_first' from command line to 'False'
[0.177s] Level 5:colcon.colcon_core.verb:set package 'cpp_ros_practice' build argument 'cmake_force_configure' from command line to 'False'
[0.177s] Level 5:colcon.colcon_core.verb:set package 'cpp_ros_practice' build argument 'ament_cmake_args' from command line to 'None'
[0.177s] Level 5:colcon.colcon_core.verb:set package 'cpp_ros_practice' build argument 'catkin_cmake_args' from command line to 'None'
[0.177s] Level 5:colcon.colcon_core.verb:set package 'cpp_ros_practice' build argument 'catkin_skip_building_tests' from command line to 'False'
[0.177s] DEBUG:colcon.colcon_core.verb:Building package 'cpp_ros_practice' with the following arguments: {'ament_cmake_args': None, 'build_base': '/home/bernsteinb/Desktop/slammers-bryce/orb/ros2_ws/build/cpp_ros_practice', 'catkin_cmake_args': None, 'catkin_skip_building_tests': False, 'cmake_args': None, 'cmake_clean_cache': False, 'cmake_clean_first': False, 'cmake_force_configure': False, 'cmake_target': None, 'cmake_target_skip_unavailable': False, 'install_base': '/home/bernsteinb/Desktop/slammers-bryce/orb/ros2_ws/install/cpp_ros_practice', 'merge_install': False, 'path': '/home/bernsteinb/Desktop/slammers-bryce/orb/ros2_ws/src/cpp_ros_practice', 'symlink_install': False, 'test_result_base': None}
[0.177s] Level 5:colcon.colcon_core.verb:set package 'orb_slam' build argument 'cmake_args' from command line to 'None'
[0.177s] Level 5:colcon.colcon_core.verb:set package 'orb_slam' build argument 'cmake_target' from command line to 'None'
[0.177s] Level 5:colcon.colcon_core.verb:set package 'orb_slam' build argument 'cmake_target_skip_unavailable' from command line to 'False'
[0.177s] Level 5:colcon.colcon_core.verb:set package 'orb_slam' build argument 'cmake_clean_cache' from command line to 'False'
[0.177s] Level 5:colcon.colcon_core.verb:set package 'orb_slam' build argument 'cmake_clean_first' from command line to 'False'
[0.177s] Level 5:colcon.colcon_core.verb:set package 'orb_slam' build argument 'cmake_force_configure' from command line to 'False'
[0.177s] Level 5:colcon.colcon_core.verb:set package 'orb_slam' build argument 'ament_cmake_args' from command line to 'None'
[0.177s] Level 5:colcon.colcon_core.verb:set package 'orb_slam' build argument 'catkin_cmake_args' from command line to 'None'
[0.177s] Level 5:colcon.colcon_core.verb:set package 'orb_slam' build argument 'catkin_skip_building_tests' from command line to 'False'
[0.177s] DEBUG:colcon.colcon_core.verb:Building package 'orb_slam' with the following arguments: {'ament_cmake_args': None, 'build_base': '/home/bernsteinb/Desktop/slammers-bryce/orb/ros2_ws/build/orb_slam', 'catkin_cmake_args': None, 'catkin_skip_building_tests': False, 'cmake_args': None, 'cmake_clean_cache': False, 'cmake_clean_first': False, 'cmake_force_configure': False, 'cmake_target': None, 'cmake_target_skip_unavailable': False, 'install_base': '/home/bernsteinb/Desktop/slammers-bryce/orb/ros2_ws/install/orb_slam', 'merge_install': False, 'path': '/home/bernsteinb/Desktop/slammers-bryce/orb/ros2_ws/src/orb_slam', 'symlink_install': False, 'test_result_base': None}
[0.177s] Level 5:colcon.colcon_core.verb:set package 'webpub' build argument 'cmake_args' from command line to 'None'
[0.177s] Level 5:colcon.colcon_core.verb:set package 'webpub' build argument 'cmake_target' from command line to 'None'
[0.177s] Level 5:colcon.colcon_core.verb:set package 'webpub' build argument 'cmake_target_skip_unavailable' from command line to 'False'
[0.177s] Level 5:colcon.colcon_core.verb:set package 'webpub' build argument 'cmake_clean_cache' from command line to 'False'
[0.177s] Level 5:colcon.colcon_core.verb:set package 'webpub' build argument 'cmake_clean_first' from command line to 'False'
[0.177s] Level 5:colcon.colcon_core.verb:set package 'webpub' build argument 'cmake_force_configure' from command line to 'False'
[0.177s] Level 5:colcon.colcon_core.verb:set package 'webpub' build argument 'ament_cmake_args' from command line to 'None'
[0.177s] Level 5:colcon.colcon_core.verb:set package 'webpub' build argument 'catkin_cmake_args' from command line to 'None'
[0.177s] Level 5:colcon.colcon_core.verb:set package 'webpub' build argument 'catkin_skip_building_tests' from command line to 'False'
[0.177s] DEBUG:colcon.colcon_core.verb:Building package 'webpub' with the following arguments: {'ament_cmake_args': None, 'build_base': '/home/bernsteinb/Desktop/slammers-bryce/orb/ros2_ws/build/webpub', 'catkin_cmake_args': None, 'catkin_skip_building_tests': False, 'cmake_args': None, 'cmake_clean_cache': False, 'cmake_clean_first': False, 'cmake_force_configure': False, 'cmake_target': None, 'cmake_target_skip_unavailable': False, 'install_base': '/home/bernsteinb/Desktop/slammers-bryce/orb/ros2_ws/install/webpub', 'merge_install': False, 'path': '/home/bernsteinb/Desktop/slammers-bryce/orb/ros2_ws/src/webpub', 'symlink_install': False, 'test_result_base': None}
[0.177s] INFO:colcon.colcon_core.executor:Executing jobs using 'parallel' executor
[0.178s] DEBUG:colcon.colcon_parallel_executor.executor.parallel:run_until_complete
[0.178s] INFO:colcon.colcon_ros.task.ament_cmake.build:Building ROS package in '/home/bernsteinb/Desktop/slammers-bryce/orb/ros2_ws/src/cpp_ros_practice' with build type 'ament_cmake'
[0.178s] INFO:colcon.colcon_cmake.task.cmake.build:Building CMake package in '/home/bernsteinb/Desktop/slammers-bryce/orb/ros2_ws/src/cpp_ros_practice'
[0.181s] INFO:colcon.colcon_core.plugin_system:Skipping extension 'colcon_core.shell.bat': Not used on non-Windows systems
[0.181s] INFO:colcon.colcon_core.shell:Skip shell extension 'powershell' for command environment: Not usable outside of PowerShell
[0.181s] DEBUG:colcon.colcon_core.shell:Skip shell extension 'dsv' for command environment
[0.183s] INFO:colcon.colcon_ros.task.ament_cmake.build:Building ROS package in '/home/bernsteinb/Desktop/slammers-bryce/orb/ros2_ws/src/orb_slam' with build type 'ament_cmake'
[0.183s] INFO:colcon.colcon_cmake.task.cmake.build:Building CMake package in '/home/bernsteinb/Desktop/slammers-bryce/orb/ros2_ws/src/orb_slam'
[0.183s] INFO:colcon.colcon_core.shell:Skip shell extension 'powershell' for command environment: Not usable outside of PowerShell
[0.183s] DEBUG:colcon.colcon_core.shell:Skip shell extension 'dsv' for command environment
[0.184s] INFO:colcon.colcon_ros.task.ament_cmake.build:Building ROS package in '/home/bernsteinb/Desktop/slammers-bryce/orb/ros2_ws/src/webpub' with build type 'ament_cmake'
[0.184s] INFO:colcon.colcon_cmake.task.cmake.build:Building CMake package in '/home/bernsteinb/Desktop/slammers-bryce/orb/ros2_ws/src/webpub'
[0.185s] INFO:colcon.colcon_core.shell:Skip shell extension 'powershell' for command environment: Not usable outside of PowerShell
[0.185s] DEBUG:colcon.colcon_core.shell:Skip shell extension 'dsv' for command environment
[0.188s] DEBUG:colcon.colcon_core.event_handler.log_command:Invoking command in '/home/bernsteinb/Desktop/slammers-bryce/orb/ros2_ws/build/cpp_ros_practice': CMAKE_PREFIX_PATH=${CMAKE_PREFIX_PATH}:/opt/ros/jazzy DEBUGINFOD_URLS=https://debuginfod.ubuntu.com /usr/bin/cmake /home/bernsteinb/Desktop/slammers-bryce/orb/ros2_ws/src/cpp_ros_practice -DCMAKE_INSTALL_PREFIX=/home/bernsteinb/Desktop/slammers-bryce/orb/ros2_ws/install/cpp_ros_practice
[0.188s] DEBUG:colcon.colcon_core.event_handler.log_command:Invoking command in '/home/bernsteinb/Desktop/slammers-bryce/orb/ros2_ws/build/orb_slam': CMAKE_PREFIX_PATH=${CMAKE_PREFIX_PATH}:/opt/ros/jazzy DEBUGINFOD_URLS=https://debuginfod.ubuntu.com /usr/bin/cmake /home/bernsteinb/Desktop/slammers-bryce/orb/ros2_ws/src/orb_slam -DCMAKE_INSTALL_PREFIX=/home/bernsteinb/Desktop/slammers-bryce/orb/ros2_ws/install/orb_slam
[0.190s] DEBUG:colcon.colcon_core.event_handler.log_command:Invoking command in '/home/bernsteinb/Desktop/slammers-bryce/orb/ros2_ws/build/webpub': CMAKE_PREFIX_PATH=${CMAKE_PREFIX_PATH}:/opt/ros/jazzy DEBUGINFOD_URLS=https://debuginfod.ubuntu.com /usr/bin/cmake /home/bernsteinb/Desktop/slammers-bryce/orb/ros2_ws/src/webpub -DCMAKE_INSTALL_PREFIX=/home/bernsteinb/Desktop/slammers-bryce/orb/ros2_ws/install/webpub
[0.904s] DEBUG:colcon.colcon_core.event_handler.log_command:Invoked command in '/home/bernsteinb/Desktop/slammers-bryce/orb/ros2_ws/build/webpub' returned '0': CMAKE_PREFIX_PATH=${CMAKE_PREFIX_PATH}:/opt/ros/jazzy DEBUGINFOD_URLS=https://debuginfod.ubuntu.com /usr/bin/cmake /home/bernsteinb/Desktop/slammers-bryce/orb/ros2_ws/src/webpub -DCMAKE_INSTALL_PREFIX=/home/bernsteinb/Desktop/slammers-bryce/orb/ros2_ws/install/webpub
[0.904s] DEBUG:colcon.colcon_core.event_handler.log_command:Invoking command in '/home/bernsteinb/Desktop/slammers-bryce/orb/ros2_ws/build/webpub': CMAKE_PREFIX_PATH=${CMAKE_PREFIX_PATH}:/opt/ros/jazzy DEBUGINFOD_URLS=https://debuginfod.ubuntu.com /usr/bin/cmake --build /home/bernsteinb/Desktop/slammers-bryce/orb/ros2_ws/build/webpub -- -j28 -l28
[0.905s] DEBUG:colcon.colcon_core.event_handler.log_command:Invoked command in '/home/bernsteinb/Desktop/slammers-bryce/orb/ros2_ws/build/cpp_ros_practice' returned '0': CMAKE_PREFIX_PATH=${CMAKE_PREFIX_PATH}:/opt/ros/jazzy DEBUGINFOD_URLS=https://debuginfod.ubuntu.com /usr/bin/cmake /home/bernsteinb/Desktop/slammers-bryce/orb/ros2_ws/src/cpp_ros_practice -DCMAKE_INSTALL_PREFIX=/home/bernsteinb/Desktop/slammers-bryce/orb/ros2_ws/install/cpp_ros_practice
[0.905s] DEBUG:colcon.colcon_core.event_handler.log_command:Invoking command in '/home/bernsteinb/Desktop/slammers-bryce/orb/ros2_ws/build/cpp_ros_practice': CMAKE_PREFIX_PATH=${CMAKE_PREFIX_PATH}:/opt/ros/jazzy DEBUGINFOD_URLS=https://debuginfod.ubuntu.com /usr/bin/cmake --build /home/bernsteinb/Desktop/slammers-bryce/orb/ros2_ws/build/cpp_ros_practice -- -j28 -l28
[1.122s] DEBUG:colcon.colcon_core.event_handler.log_command:Invoked command in '/home/bernsteinb/Desktop/slammers-bryce/orb/ros2_ws/build/orb_slam' returned '0': CMAKE_PREFIX_PATH=${CMAKE_PREFIX_PATH}:/opt/ros/jazzy DEBUGINFOD_URLS=https://debuginfod.ubuntu.com /usr/bin/cmake /home/bernsteinb/Desktop/slammers-bryce/orb/ros2_ws/src/orb_slam -DCMAKE_INSTALL_PREFIX=/home/bernsteinb/Desktop/slammers-bryce/orb/ros2_ws/install/orb_slam
[1.123s] DEBUG:colcon.colcon_core.event_handler.log_command:Invoking command in '/home/bernsteinb/Desktop/slammers-bryce/orb/ros2_ws/build/orb_slam': CMAKE_PREFIX_PATH=${CMAKE_PREFIX_PATH}:/opt/ros/jazzy DEBUGINFOD_URLS=https://debuginfod.ubuntu.com /usr/bin/cmake --build /home/bernsteinb/Desktop/slammers-bryce/orb/ros2_ws/build/orb_slam -- -j28 -l28
[5.834s] DEBUG:colcon.colcon_core.event_handler.log_command:Invoked command in '/home/bernsteinb/Desktop/slammers-bryce/orb/ros2_ws/build/cpp_ros_practice' returned '0': CMAKE_PREFIX_PATH=${CMAKE_PREFIX_PATH}:/opt/ros/jazzy DEBUGINFOD_URLS=https://debuginfod.ubuntu.com /usr/bin/cmake --build /home/bernsteinb/Desktop/slammers-bryce/orb/ros2_ws/build/cpp_ros_practice -- -j28 -l28
[5.842s] DEBUG:colcon.colcon_core.event_handler.log_command:Invoking command in '/home/bernsteinb/Desktop/slammers-bryce/orb/ros2_ws/build/cpp_ros_practice': CMAKE_PREFIX_PATH=${CMAKE_PREFIX_PATH}:/opt/ros/jazzy DEBUGINFOD_URLS=https://debuginfod.ubuntu.com /usr/bin/cmake --install /home/bernsteinb/Desktop/slammers-bryce/orb/ros2_ws/build/cpp_ros_practice
[5.853s] Level 1:colcon.colcon_core.environment:create_environment_scripts_only(cpp_ros_practice)
[5.853s] DEBUG:colcon.colcon_core.event_handler.log_command:Invoked command in '/home/bernsteinb/Desktop/slammers-bryce/orb/ros2_ws/build/cpp_ros_practice' returned '0': CMAKE_PREFIX_PATH=${CMAKE_PREFIX_PATH}:/opt/ros/jazzy DEBUGINFOD_URLS=https://debuginfod.ubuntu.com /usr/bin/cmake --install /home/bernsteinb/Desktop/slammers-bryce/orb/ros2_ws/build/cpp_ros_practice
[5.857s] Level 1:colcon.colcon_core.environment:checking '/home/bernsteinb/Desktop/slammers-bryce/orb/ros2_ws/install/cpp_ros_practice' for CMake module files
[5.858s] Level 1:colcon.colcon_core.environment:checking '/home/bernsteinb/Desktop/slammers-bryce/orb/ros2_ws/install/cpp_ros_practice' for CMake config files
[5.858s] Level 1:colcon.colcon_core.shell:create_environment_hook('cpp_ros_practice', 'cmake_prefix_path')
[5.858s] INFO:colcon.colcon_core.shell:Creating environment hook '/home/bernsteinb/Desktop/slammers-bryce/orb/ros2_ws/install/cpp_ros_practice/share/cpp_ros_practice/hook/cmake_prefix_path.ps1'
[5.859s] INFO:colcon.colcon_core.shell:Creating environment descriptor '/home/bernsteinb/Desktop/slammers-bryce/orb/ros2_ws/install/cpp_ros_practice/share/cpp_ros_practice/hook/cmake_prefix_path.dsv'
[5.859s] INFO:colcon.colcon_core.shell:Creating environment hook '/home/bernsteinb/Desktop/slammers-bryce/orb/ros2_ws/install/cpp_ros_practice/share/cpp_ros_practice/hook/cmake_prefix_path.sh'
[5.860s] Level 1:colcon.colcon_core.environment:checking '/home/bernsteinb/Desktop/slammers-bryce/orb/ros2_ws/install/cpp_ros_practice/lib'
[5.860s] Level 1:colcon.colcon_core.environment:checking '/home/bernsteinb/Desktop/slammers-bryce/orb/ros2_ws/install/cpp_ros_practice/bin'
[5.860s] Level 1:colcon.colcon_core.environment:checking '/home/bernsteinb/Desktop/slammers-bryce/orb/ros2_ws/install/cpp_ros_practice/lib/pkgconfig/cpp_ros_practice.pc'
[5.860s] Level 1:colcon.colcon_core.environment:checking '/home/bernsteinb/Desktop/slammers-bryce/orb/ros2_ws/install/cpp_ros_practice/lib/python3.12/site-packages'
[5.860s] Level 1:colcon.colcon_core.environment:checking '/home/bernsteinb/Desktop/slammers-bryce/orb/ros2_ws/install/cpp_ros_practice/bin'
[5.861s] INFO:colcon.colcon_core.shell:Creating package script '/home/bernsteinb/Desktop/slammers-bryce/orb/ros2_ws/install/cpp_ros_practice/share/cpp_ros_practice/package.ps1'
[5.861s] INFO:colcon.colcon_core.shell:Creating package descriptor '/home/bernsteinb/Desktop/slammers-bryce/orb/ros2_ws/install/cpp_ros_practice/share/cpp_ros_practice/package.dsv'
[5.862s] INFO:colcon.colcon_core.shell:Creating package script '/home/bernsteinb/Desktop/slammers-bryce/orb/ros2_ws/install/cpp_ros_practice/share/cpp_ros_practice/package.sh'
[5.862s] INFO:colcon.colcon_core.shell:Creating package script '/home/bernsteinb/Desktop/slammers-bryce/orb/ros2_ws/install/cpp_ros_practice/share/cpp_ros_practice/package.bash'
[5.863s] INFO:colcon.colcon_core.shell:Creating package script '/home/bernsteinb/Desktop/slammers-bryce/orb/ros2_ws/install/cpp_ros_practice/share/cpp_ros_practice/package.zsh'
[5.863s] Level 1:colcon.colcon_core.environment:create_file_with_runtime_dependencies(/home/bernsteinb/Desktop/slammers-bryce/orb/ros2_ws/install/cpp_ros_practice/share/colcon-core/packages/cpp_ros_practice)
[5.863s] Level 1:colcon.colcon_core.environment:create_environment_scripts_only(cpp_ros_practice)
[5.864s] Level 1:colcon.colcon_core.environment:checking '/home/bernsteinb/Desktop/slammers-bryce/orb/ros2_ws/install/cpp_ros_practice' for CMake module files
[5.864s] Level 1:colcon.colcon_core.environment:checking '/home/bernsteinb/Desktop/slammers-bryce/orb/ros2_ws/install/cpp_ros_practice' for CMake config files
[5.864s] Level 1:colcon.colcon_core.shell:create_environment_hook('cpp_ros_practice', 'cmake_prefix_path')
[5.864s] INFO:colcon.colcon_core.shell:Creating environment hook '/home/bernsteinb/Desktop/slammers-bryce/orb/ros2_ws/install/cpp_ros_practice/share/cpp_ros_practice/hook/cmake_prefix_path.ps1'
[5.864s] INFO:colcon.colcon_core.shell:Creating environment descriptor '/home/bernsteinb/Desktop/slammers-bryce/orb/ros2_ws/install/cpp_ros_practice/share/cpp_ros_practice/hook/cmake_prefix_path.dsv'
[5.865s] INFO:colcon.colcon_core.shell:Creating environment hook '/home/bernsteinb/Desktop/slammers-bryce/orb/ros2_ws/install/cpp_ros_practice/share/cpp_ros_practice/hook/cmake_prefix_path.sh'
[5.865s] Level 1:colcon.colcon_core.environment:checking '/home/bernsteinb/Desktop/slammers-bryce/orb/ros2_ws/install/cpp_ros_practice/lib'
[5.865s] Level 1:colcon.colcon_core.environment:checking '/home/bernsteinb/Desktop/slammers-bryce/orb/ros2_ws/install/cpp_ros_practice/bin'
[5.865s] Level 1:colcon.colcon_core.environment:checking '/home/bernsteinb/Desktop/slammers-bryce/orb/ros2_ws/install/cpp_ros_practice/lib/pkgconfig/cpp_ros_practice.pc'
[5.865s] Level 1:colcon.colcon_core.environment:checking '/home/bernsteinb/Desktop/slammers-bryce/orb/ros2_ws/install/cpp_ros_practice/lib/python3.12/site-packages'
[5.866s] Level 1:colcon.colcon_core.environment:checking '/home/bernsteinb/Desktop/slammers-bryce/orb/ros2_ws/install/cpp_ros_practice/bin'
[5.866s] INFO:colcon.colcon_core.shell:Creating package script '/home/bernsteinb/Desktop/slammers-bryce/orb/ros2_ws/install/cpp_ros_practice/share/cpp_ros_practice/package.ps1'
[5.866s] INFO:colcon.colcon_core.shell:Creating package descriptor '/home/bernsteinb/Desktop/slammers-bryce/orb/ros2_ws/install/cpp_ros_practice/share/cpp_ros_practice/package.dsv'
[5.866s] INFO:colcon.colcon_core.shell:Creating package script '/home/bernsteinb/Desktop/slammers-bryce/orb/ros2_ws/install/cpp_ros_practice/share/cpp_ros_practice/package.sh'
[5.866s] INFO:colcon.colcon_core.shell:Creating package script '/home/bernsteinb/Desktop/slammers-bryce/orb/ros2_ws/install/cpp_ros_practice/share/cpp_ros_practice/package.bash'
[5.867s] INFO:colcon.colcon_core.shell:Creating package script '/home/bernsteinb/Desktop/slammers-bryce/orb/ros2_ws/install/cpp_ros_practice/share/cpp_ros_practice/package.zsh'
[5.867s] Level 1:colcon.colcon_core.environment:create_file_with_runtime_dependencies(/home/bernsteinb/Desktop/slammers-bryce/orb/ros2_ws/install/cpp_ros_practice/share/colcon-core/packages/cpp_ros_practice)
[7.823s] DEBUG:colcon.colcon_core.event_handler.log_command:Invoked command in '/home/bernsteinb/Desktop/slammers-bryce/orb/ros2_ws/build/webpub' returned '0': CMAKE_PREFIX_PATH=${CMAKE_PREFIX_PATH}:/opt/ros/jazzy DEBUGINFOD_URLS=https://debuginfod.ubuntu.com /usr/bin/cmake --build /home/bernsteinb/Desktop/slammers-bryce/orb/ros2_ws/build/webpub -- -j28 -l28
[7.824s] DEBUG:colcon.colcon_core.event_handler.log_command:Invoking command in '/home/bernsteinb/Desktop/slammers-bryce/orb/ros2_ws/build/webpub': CMAKE_PREFIX_PATH=${CMAKE_PREFIX_PATH}:/opt/ros/jazzy DEBUGINFOD_URLS=https://debuginfod.ubuntu.com /usr/bin/cmake --install /home/bernsteinb/Desktop/slammers-bryce/orb/ros2_ws/build/webpub
[7.834s] Level 1:colcon.colcon_core.environment:create_environment_scripts_only(webpub)
[7.834s] Level 1:colcon.colcon_core.environment:checking '/home/bernsteinb/Desktop/slammers-bryce/orb/ros2_ws/install/webpub' for CMake module files
[7.834s] DEBUG:colcon.colcon_core.event_handler.log_command:Invoked command in '/home/bernsteinb/Desktop/slammers-bryce/orb/ros2_ws/build/webpub' returned '0': CMAKE_PREFIX_PATH=${CMAKE_PREFIX_PATH}:/opt/ros/jazzy DEBUGINFOD_URLS=https://debuginfod.ubuntu.com /usr/bin/cmake --install /home/bernsteinb/Desktop/slammers-bryce/orb/ros2_ws/build/webpub
[7.835s] Level 1:colcon.colcon_core.environment:checking '/home/bernsteinb/Desktop/slammers-bryce/orb/ros2_ws/install/webpub' for CMake config files
[7.835s] Level 1:colcon.colcon_core.shell:create_environment_hook('webpub', 'cmake_prefix_path')
[7.835s] INFO:colcon.colcon_core.shell:Creating environment hook '/home/bernsteinb/Desktop/slammers-bryce/orb/ros2_ws/install/webpub/share/webpub/hook/cmake_prefix_path.ps1'
[7.835s] INFO:colcon.colcon_core.shell:Creating environment descriptor '/home/bernsteinb/Desktop/slammers-bryce/orb/ros2_ws/install/webpub/share/webpub/hook/cmake_prefix_path.dsv'
[7.836s] INFO:colcon.colcon_core.shell:Creating environment hook '/home/bernsteinb/Desktop/slammers-bryce/orb/ros2_ws/install/webpub/share/webpub/hook/cmake_prefix_path.sh'
[7.836s] Level 1:colcon.colcon_core.environment:checking '/home/bernsteinb/Desktop/slammers-bryce/orb/ros2_ws/install/webpub/lib'
[7.836s] Level 1:colcon.colcon_core.environment:checking '/home/bernsteinb/Desktop/slammers-bryce/orb/ros2_ws/install/webpub/bin'
[7.836s] Level 1:colcon.colcon_core.environment:checking '/home/bernsteinb/Desktop/slammers-bryce/orb/ros2_ws/install/webpub/lib/pkgconfig/webpub.pc'
[7.837s] Level 1:colcon.colcon_core.environment:checking '/home/bernsteinb/Desktop/slammers-bryce/orb/ros2_ws/install/webpub/lib/python3.12/site-packages'
[7.837s] Level 1:colcon.colcon_core.environment:checking '/home/bernsteinb/Desktop/slammers-bryce/orb/ros2_ws/install/webpub/bin'
[7.837s] INFO:colcon.colcon_core.shell:Creating package script '/home/bernsteinb/Desktop/slammers-bryce/orb/ros2_ws/install/webpub/share/webpub/package.ps1'
[7.837s] INFO:colcon.colcon_core.shell:Creating package descriptor '/home/bernsteinb/Desktop/slammers-bryce/orb/ros2_ws/install/webpub/share/webpub/package.dsv'
[7.838s] INFO:colcon.colcon_core.shell:Creating package script '/home/bernsteinb/Desktop/slammers-bryce/orb/ros2_ws/install/webpub/share/webpub/package.sh'
[7.838s] INFO:colcon.colcon_core.shell:Creating package script '/home/bernsteinb/Desktop/slammers-bryce/orb/ros2_ws/install/webpub/share/webpub/package.bash'
[7.838s] INFO:colcon.colcon_core.shell:Creating package script '/home/bernsteinb/Desktop/slammers-bryce/orb/ros2_ws/install/webpub/share/webpub/package.zsh'
[7.839s] Level 1:colcon.colcon_core.environment:create_file_with_runtime_dependencies(/home/bernsteinb/Desktop/slammers-bryce/orb/ros2_ws/install/webpub/share/colcon-core/packages/webpub)
[7.839s] Level 1:colcon.colcon_core.environment:create_environment_scripts_only(webpub)
[7.839s] Level 1:colcon.colcon_core.environment:checking '/home/bernsteinb/Desktop/slammers-bryce/orb/ros2_ws/install/webpub' for CMake module files
[7.840s] Level 1:colcon.colcon_core.environment:checking '/home/bernsteinb/Desktop/slammers-bryce/orb/ros2_ws/install/webpub' for CMake config files
[7.840s] Level 1:colcon.colcon_core.shell:create_environment_hook('webpub', 'cmake_prefix_path')
[7.840s] INFO:colcon.colcon_core.shell:Creating environment hook '/home/bernsteinb/Desktop/slammers-bryce/orb/ros2_ws/install/webpub/share/webpub/hook/cmake_prefix_path.ps1'
[7.840s] INFO:colcon.colcon_core.shell:Creating environment descriptor '/home/bernsteinb/Desktop/slammers-bryce/orb/ros2_ws/install/webpub/share/webpub/hook/cmake_prefix_path.dsv'
[7.841s] INFO:colcon.colcon_core.shell:Creating environment hook '/home/bernsteinb/Desktop/slammers-bryce/orb/ros2_ws/install/webpub/share/webpub/hook/cmake_prefix_path.sh'
[7.841s] Level 1:colcon.colcon_core.environment:checking '/home/bernsteinb/Desktop/slammers-bryce/orb/ros2_ws/install/webpub/lib'
[7.841s] Level 1:colcon.colcon_core.environment:checking '/home/bernsteinb/Desktop/slammers-bryce/orb/ros2_ws/install/webpub/bin'
[7.841s] Level 1:colcon.colcon_core.environment:checking '/home/bernsteinb/Desktop/slammers-bryce/orb/ros2_ws/install/webpub/lib/pkgconfig/webpub.pc'
[7.841s] Level 1:colcon.colcon_core.environment:checking '/home/bernsteinb/Desktop/slammers-bryce/orb/ros2_ws/install/webpub/lib/python3.12/site-packages'
[7.842s] Level 1:colcon.colcon_core.environment:checking '/home/bernsteinb/Desktop/slammers-bryce/orb/ros2_ws/install/webpub/bin'
[7.842s] INFO:colcon.colcon_core.shell:Creating package script '/home/bernsteinb/Desktop/slammers-bryce/orb/ros2_ws/install/webpub/share/webpub/package.ps1'
[7.843s] INFO:colcon.colcon_core.shell:Creating package descriptor '/home/bernsteinb/Desktop/slammers-bryce/orb/ros2_ws/install/webpub/share/webpub/package.dsv'
[7.843s] INFO:colcon.colcon_core.shell:Creating package script '/home/bernsteinb/Desktop/slammers-bryce/orb/ros2_ws/install/webpub/share/webpub/package.sh'
[7.843s] INFO:colcon.colcon_core.shell:Creating package script '/home/bernsteinb/Desktop/slammers-bryce/orb/ros2_ws/install/webpub/share/webpub/package.bash'
[7.844s] INFO:colcon.colcon_core.shell:Creating package script '/home/bernsteinb/Desktop/slammers-bryce/orb/ros2_ws/install/webpub/share/webpub/package.zsh'
[7.844s] Level 1:colcon.colcon_core.environment:create_file_with_runtime_dependencies(/home/bernsteinb/Desktop/slammers-bryce/orb/ros2_ws/install/webpub/share/colcon-core/packages/webpub)
[18.637s] DEBUG:colcon.colcon_core.event_handler.log_command:Invoked command in '/home/bernsteinb/Desktop/slammers-bryce/orb/ros2_ws/build/orb_slam' returned '0': CMAKE_PREFIX_PATH=${CMAKE_PREFIX_PATH}:/opt/ros/jazzy DEBUGINFOD_URLS=https://debuginfod.ubuntu.com /usr/bin/cmake --build /home/bernsteinb/Desktop/slammers-bryce/orb/ros2_ws/build/orb_slam -- -j28 -l28
[18.638s] DEBUG:colcon.colcon_core.event_handler.log_command:Invoking command in '/home/bernsteinb/Desktop/slammers-bryce/orb/ros2_ws/build/orb_slam': CMAKE_PREFIX_PATH=${CMAKE_PREFIX_PATH}:/opt/ros/jazzy DEBUGINFOD_URLS=https://debuginfod.ubuntu.com /usr/bin/cmake --install /home/bernsteinb/Desktop/slammers-bryce/orb/ros2_ws/build/orb_slam
[18.721s] Level 1:colcon.colcon_core.environment:create_environment_scripts_only(orb_slam)
[18.721s] Level 1:colcon.colcon_core.environment:checking '/home/bernsteinb/Desktop/slammers-bryce/orb/ros2_ws/install/orb_slam' for CMake module files
[18.722s] DEBUG:colcon.colcon_core.event_handler.log_command:Invoked command in '/home/bernsteinb/Desktop/slammers-bryce/orb/ros2_ws/build/orb_slam' returned '0': CMAKE_PREFIX_PATH=${CMAKE_PREFIX_PATH}:/opt/ros/jazzy DEBUGINFOD_URLS=https://debuginfod.ubuntu.com /usr/bin/cmake --install /home/bernsteinb/Desktop/slammers-bryce/orb/ros2_ws/build/orb_slam
[18.722s] Level 1:colcon.colcon_core.environment:checking '/home/bernsteinb/Desktop/slammers-bryce/orb/ros2_ws/install/orb_slam' for CMake config files
[18.722s] Level 1:colcon.colcon_core.shell:create_environment_hook('orb_slam', 'cmake_prefix_path')
[18.722s] INFO:colcon.colcon_core.shell:Creating environment hook '/home/bernsteinb/Desktop/slammers-bryce/orb/ros2_ws/install/orb_slam/share/orb_slam/hook/cmake_prefix_path.ps1'
[18.722s] INFO:colcon.colcon_core.shell:Creating environment descriptor '/home/bernsteinb/Desktop/slammers-bryce/orb/ros2_ws/install/orb_slam/share/orb_slam/hook/cmake_prefix_path.dsv'
[18.722s] INFO:colcon.colcon_core.shell:Creating environment hook '/home/bernsteinb/Desktop/slammers-bryce/orb/ros2_ws/install/orb_slam/share/orb_slam/hook/cmake_prefix_path.sh'
[18.723s] Level 1:colcon.colcon_core.environment:checking '/home/bernsteinb/Desktop/slammers-bryce/orb/ros2_ws/install/orb_slam/lib'
[18.723s] Level 1:colcon.colcon_core.shell:create_environment_hook('orb_slam', 'ld_library_path_lib')
[18.723s] INFO:colcon.colcon_core.shell:Creating environment hook '/home/bernsteinb/Desktop/slammers-bryce/orb/ros2_ws/install/orb_slam/share/orb_slam/hook/ld_library_path_lib.ps1'
[18.723s] INFO:colcon.colcon_core.shell:Creating environment descriptor '/home/bernsteinb/Desktop/slammers-bryce/orb/ros2_ws/install/orb_slam/share/orb_slam/hook/ld_library_path_lib.dsv'
[18.723s] INFO:colcon.colcon_core.shell:Creating environment hook '/home/bernsteinb/Desktop/slammers-bryce/orb/ros2_ws/install/orb_slam/share/orb_slam/hook/ld_library_path_lib.sh'
[18.723s] Level 1:colcon.colcon_core.environment:checking '/home/bernsteinb/Desktop/slammers-bryce/orb/ros2_ws/install/orb_slam/bin'
[18.723s] Level 1:colcon.colcon_core.environment:checking '/home/bernsteinb/Desktop/slammers-bryce/orb/ros2_ws/install/orb_slam/lib/pkgconfig/orb_slam.pc'
[18.723s] Level 1:colcon.colcon_core.environment:checking '/home/bernsteinb/Desktop/slammers-bryce/orb/ros2_ws/install/orb_slam/lib/python3.12/site-packages'
[18.723s] Level 1:colcon.colcon_core.environment:checking '/home/bernsteinb/Desktop/slammers-bryce/orb/ros2_ws/install/orb_slam/bin'
[18.723s] INFO:colcon.colcon_core.shell:Creating package script '/home/bernsteinb/Desktop/slammers-bryce/orb/ros2_ws/install/orb_slam/share/orb_slam/package.ps1'
[18.724s] INFO:colcon.colcon_core.shell:Creating package descriptor '/home/bernsteinb/Desktop/slammers-bryce/orb/ros2_ws/install/orb_slam/share/orb_slam/package.dsv'
[18.724s] INFO:colcon.colcon_core.shell:Creating package script '/home/bernsteinb/Desktop/slammers-bryce/orb/ros2_ws/install/orb_slam/share/orb_slam/package.sh'
[18.724s] INFO:colcon.colcon_core.shell:Creating package script '/home/bernsteinb/Desktop/slammers-bryce/orb/ros2_ws/install/orb_slam/share/orb_slam/package.bash'
[18.724s] INFO:colcon.colcon_core.shell:Creating package script '/home/bernsteinb/Desktop/slammers-bryce/orb/ros2_ws/install/orb_slam/share/orb_slam/package.zsh'
[18.724s] Level 1:colcon.colcon_core.environment:create_file_with_runtime_dependencies(/home/bernsteinb/Desktop/slammers-bryce/orb/ros2_ws/install/orb_slam/share/colcon-core/packages/orb_slam)
[18.724s] Level 1:colcon.colcon_core.environment:create_environment_scripts_only(orb_slam)
[18.724s] Level 1:colcon.colcon_core.environment:checking '/home/bernsteinb/Desktop/slammers-bryce/orb/ros2_ws/install/orb_slam' for CMake module files
[18.725s] Level 1:colcon.colcon_core.environment:checking '/home/bernsteinb/Desktop/slammers-bryce/orb/ros2_ws/install/orb_slam' for CMake config files
[18.725s] Level 1:colcon.colcon_core.shell:create_environment_hook('orb_slam', 'cmake_prefix_path')
[18.725s] INFO:colcon.colcon_core.shell:Creating environment hook '/home/bernsteinb/Desktop/slammers-bryce/orb/ros2_ws/install/orb_slam/share/orb_slam/hook/cmake_prefix_path.ps1'
[18.725s] INFO:colcon.colcon_core.shell:Creating environment descriptor '/home/bernsteinb/Desktop/slammers-bryce/orb/ros2_ws/install/orb_slam/share/orb_slam/hook/cmake_prefix_path.dsv'
[18.725s] INFO:colcon.colcon_core.shell:Creating environment hook '/home/bernsteinb/Desktop/slammers-bryce/orb/ros2_ws/install/orb_slam/share/orb_slam/hook/cmake_prefix_path.sh'
[18.725s] Level 1:colcon.colcon_core.environment:checking '/home/bernsteinb/Desktop/slammers-bryce/orb/ros2_ws/install/orb_slam/lib'
[18.725s] Level 1:colcon.colcon_core.shell:create_environment_hook('orb_slam', 'ld_library_path_lib')
[18.725s] INFO:colcon.colcon_core.shell:Creating environment hook '/home/bernsteinb/Desktop/slammers-bryce/orb/ros2_ws/install/orb_slam/share/orb_slam/hook/ld_library_path_lib.ps1'
[18.725s] INFO:colcon.colcon_core.shell:Creating environment descriptor '/home/bernsteinb/Desktop/slammers-bryce/orb/ros2_ws/install/orb_slam/share/orb_slam/hook/ld_library_path_lib.dsv'
[18.726s] INFO:colcon.colcon_core.shell:Creating environment hook '/home/bernsteinb/Desktop/slammers-bryce/orb/ros2_ws/install/orb_slam/share/orb_slam/hook/ld_library_path_lib.sh'
[18.726s] Level 1:colcon.colcon_core.environment:checking '/home/bernsteinb/Desktop/slammers-bryce/orb/ros2_ws/install/orb_slam/bin'
[18.726s] Level 1:colcon.colcon_core.environment:checking '/home/bernsteinb/Desktop/slammers-bryce/orb/ros2_ws/install/orb_slam/lib/pkgconfig/orb_slam.pc'
[18.726s] Level 1:colcon.colcon_core.environment:checking '/home/bernsteinb/Desktop/slammers-bryce/orb/ros2_ws/install/orb_slam/lib/python3.12/site-packages'
[18.726s] Level 1:colcon.colcon_core.environment:checking '/home/bernsteinb/Desktop/slammers-bryce/orb/ros2_ws/install/orb_slam/bin'
[18.726s] INFO:colcon.colcon_core.shell:Creating package script '/home/bernsteinb/Desktop/slammers-bryce/orb/ros2_ws/install/orb_slam/share/orb_slam/package.ps1'
[18.726s] INFO:colcon.colcon_core.shell:Creating package descriptor '/home/bernsteinb/Desktop/slammers-bryce/orb/ros2_ws/install/orb_slam/share/orb_slam/package.dsv'
[18.727s] INFO:colcon.colcon_core.shell:Creating package script '/home/bernsteinb/Desktop/slammers-bryce/orb/ros2_ws/install/orb_slam/share/orb_slam/package.sh'
[18.727s] INFO:colcon.colcon_core.shell:Creating package script '/home/bernsteinb/Desktop/slammers-bryce/orb/ros2_ws/install/orb_slam/share/orb_slam/package.bash'
[18.727s] INFO:colcon.colcon_core.shell:Creating package script '/home/bernsteinb/Desktop/slammers-bryce/orb/ros2_ws/install/orb_slam/share/orb_slam/package.zsh'
[18.727s] Level 1:colcon.colcon_core.environment:create_file_with_runtime_dependencies(/home/bernsteinb/Desktop/slammers-bryce/orb/ros2_ws/install/orb_slam/share/colcon-core/packages/orb_slam)
[18.727s] DEBUG:colcon.colcon_parallel_executor.executor.parallel:closing loop
[18.727s] DEBUG:colcon.colcon_parallel_executor.executor.parallel:loop closed
[18.727s] DEBUG:colcon.colcon_parallel_executor.executor.parallel:run_until_complete finished with '0'
[18.727s] DEBUG:colcon.colcon_core.event_reactor:joining thread
[18.733s] INFO:colcon.colcon_core.plugin_system:Skipping extension 'colcon_notification.desktop_notification.terminal_notifier': Not used on non-Darwin systems
[18.733s] INFO:colcon.colcon_core.plugin_system:Skipping extension 'colcon_notification.desktop_notification.win32': Not used on non-Windows systems
[18.733s] INFO:colcon.colcon_notification.desktop_notification:Sending desktop notification using 'notify2'
[18.741s] DEBUG:colcon.colcon_core.event_reactor:joined thread
[18.741s] INFO:colcon.colcon_core.shell:Creating prefix script '/home/bernsteinb/Desktop/slammers-bryce/orb/ros2_ws/install/local_setup.ps1'
[18.742s] INFO:colcon.colcon_core.shell:Creating prefix util module '/home/bernsteinb/Desktop/slammers-bryce/orb/ros2_ws/install/_local_setup_util_ps1.py'
[18.742s] INFO:colcon.colcon_core.shell:Creating prefix chain script '/home/bernsteinb/Desktop/slammers-bryce/orb/ros2_ws/install/setup.ps1'
[18.743s] INFO:colcon.colcon_core.shell:Creating prefix script '/home/bernsteinb/Desktop/slammers-bryce/orb/ros2_ws/install/local_setup.sh'
[18.743s] INFO:colcon.colcon_core.shell:Creating prefix util module '/home/bernsteinb/Desktop/slammers-bryce/orb/ros2_ws/install/_local_setup_util_sh.py'
[18.744s] INFO:colcon.colcon_core.shell:Creating prefix chain script '/home/bernsteinb/Desktop/slammers-bryce/orb/ros2_ws/install/setup.sh'
[18.744s] INFO:colcon.colcon_core.shell:Creating prefix script '/home/bernsteinb/Desktop/slammers-bryce/orb/ros2_ws/install/local_setup.bash'
[18.745s] INFO:colcon.colcon_core.shell:Creating prefix chain script '/home/bernsteinb/Desktop/slammers-bryce/orb/ros2_ws/install/setup.bash'
[18.745s] INFO:colcon.colcon_core.shell:Creating prefix script '/home/bernsteinb/Desktop/slammers-bryce/orb/ros2_ws/install/local_setup.zsh'
[18.745s] INFO:colcon.colcon_core.shell:Creating prefix chain script '/home/bernsteinb/Desktop/slammers-bryce/orb/ros2_ws/install/setup.zsh'
