[0.005s] Invoking command in '/home/bernsteinb/Desktop/slammers-bryce/orb/ros2_ws/build/webpub': CMAKE_PREFIX_PATH=${CMAKE_PREFIX_PATH}:/opt/ros/jazzy DEBUGINFOD_URLS=https://debuginfod.ubuntu.com /usr/bin/cmake /home/bernsteinb/Desktop/slammers-bryce/orb/ros2_ws/src/webpub -DCMAKE_INSTALL_PREFIX=/home/bernsteinb/Desktop/slammers-bryce/orb/ros2_ws/install/webpub
[0.037s] -- The C compiler identification is GNU 13.3.0
[0.066s] -- The CXX compiler identification is GNU 13.3.0
[0.075s] -- Detecting C compiler ABI info
[0.147s] -- Detecting C compiler ABI info - done
[0.153s] -- Check for working C compiler: /usr/bin/cc - skipped
[0.153s] -- Detecting C compile features
[0.154s] -- Detecting C compile features - done
[0.160s] -- Detecting CXX compiler ABI info
[0.216s] -- Detecting CXX compiler ABI info - done
[0.220s] -- Check for working CXX compiler: /usr/bin/c++ - skipped
[0.220s] -- Detecting CXX compile features
[0.221s] -- Detecting CXX compile features - done
[0.222s] -- Found ament_cmake: 2.5.4 (/opt/ros/jazzy/share/ament_cmake/cmake)
[0.308s] -- Found Python3: /usr/bin/python3 (found version "3.12.3") found components: Interpreter 
[0.381s] -- Found OpenCV: /usr (found version "4.6.0") 
[0.383s] -- Found sensor_msgs: 5.3.6 (/opt/ros/jazzy/share/sensor_msgs/cmake)
[0.408s] -- Found rosidl_generator_c: 4.6.6 (/opt/ros/jazzy/share/rosidl_generator_c/cmake)
[0.417s] -- Found rosidl_generator_cpp: 4.6.6 (/opt/ros/jazzy/share/rosidl_generator_cpp/cmake)
[0.427s] -- Using all available rosidl_typesupport_c: rosidl_typesupport_fastrtps_c;rosidl_typesupport_introspection_c
[0.438s] -- Using all available rosidl_typesupport_cpp: rosidl_typesupport_fastrtps_cpp;rosidl_typesupport_introspection_cpp
[0.485s] -- Found rclcpp: 28.1.13 (/opt/ros/jazzy/share/rclcpp/cmake)
[0.513s] -- Found rmw_implementation_cmake: 7.3.2 (/opt/ros/jazzy/share/rmw_implementation_cmake/cmake)
[0.515s] -- Found rmw_fastrtps_cpp: 8.4.3 (/opt/ros/jazzy/share/rmw_fastrtps_cpp/cmake)
[0.570s] -- Found OpenSSL: /usr/lib/x86_64-linux-gnu/libcrypto.so (found version "3.0.13")  
[0.583s] -- Found FastRTPS: /opt/ros/jazzy/include (Required is at least version "2.13") 
[0.598s] -- Using RMW implementation 'rmw_fastrtps_cpp' as default
[0.640s] -- Found cv_bridge: 4.1.0 (/opt/ros/jazzy/share/cv_bridge/cmake)
[0.644s] -- Found ament_lint_auto: 0.17.3 (/opt/ros/jazzy/share/ament_lint_auto/cmake)
[0.703s] -- Added test 'cppcheck' to perform static code analysis on C / C++ code
[0.703s] -- Configured cppcheck include dirs: 
[0.703s] -- Configured cppcheck exclude dirs and/or files: 
[0.703s] -- Added test 'lint_cmake' to check CMake code style
[0.704s] -- Added test 'uncrustify' to check C / C++ code style
[0.704s] -- Configured uncrustify additional arguments: 
[0.704s] -- Added test 'xmllint' to check XML markup files
[0.705s] -- Configuring done (0.7s)
[0.712s] -- Generating done (0.0s)
[0.714s] -- Build files have been written to: /home/bernsteinb/Desktop/slammers-bryce/orb/ros2_ws/build/webpub
[0.719s] Invoked command in '/home/bernsteinb/Desktop/slammers-bryce/orb/ros2_ws/build/webpub' returned '0': CMAKE_PREFIX_PATH=${CMAKE_PREFIX_PATH}:/opt/ros/jazzy DEBUGINFOD_URLS=https://debuginfod.ubuntu.com /usr/bin/cmake /home/bernsteinb/Desktop/slammers-bryce/orb/ros2_ws/src/webpub -DCMAKE_INSTALL_PREFIX=/home/bernsteinb/Desktop/slammers-bryce/orb/ros2_ws/install/webpub
[0.720s] Invoking command in '/home/bernsteinb/Desktop/slammers-bryce/orb/ros2_ws/build/webpub': CMAKE_PREFIX_PATH=${CMAKE_PREFIX_PATH}:/opt/ros/jazzy DEBUGINFOD_URLS=https://debuginfod.ubuntu.com /usr/bin/cmake --build /home/bernsteinb/Desktop/slammers-bryce/orb/ros2_ws/build/webpub -- -j28 -l28
[0.750s] [ 50%] [32mBuilding CXX object CMakeFiles/main.dir/src/main.cpp.o[0m
[7.236s] [100%] [32m[1mLinking CXX executable main[0m
[7.629s] [100%] Built target main
[7.638s] Invoked command in '/home/bernsteinb/Desktop/slammers-bryce/orb/ros2_ws/build/webpub' returned '0': CMAKE_PREFIX_PATH=${CMAKE_PREFIX_PATH}:/opt/ros/jazzy DEBUGINFOD_URLS=https://debuginfod.ubuntu.com /usr/bin/cmake --build /home/bernsteinb/Desktop/slammers-bryce/orb/ros2_ws/build/webpub -- -j28 -l28
[7.639s] Invoking command in '/home/bernsteinb/Desktop/slammers-bryce/orb/ros2_ws/build/webpub': CMAKE_PREFIX_PATH=${CMAKE_PREFIX_PATH}:/opt/ros/jazzy DEBUGINFOD_URLS=https://debuginfod.ubuntu.com /usr/bin/cmake --install /home/bernsteinb/Desktop/slammers-bryce/orb/ros2_ws/build/webpub
[7.646s] -- Install configuration: ""
[7.646s] -- Installing: /home/bernsteinb/Desktop/slammers-bryce/orb/ros2_ws/install/webpub/lib/webpub/main
[7.647s] -- Set non-toolchain portion of runtime path of "/home/bernsteinb/Desktop/slammers-bryce/orb/ros2_ws/install/webpub/lib/webpub/main" to ""
[7.647s] -- Installing: /home/bernsteinb/Desktop/slammers-bryce/orb/ros2_ws/install/webpub/share/ament_index/resource_index/package_run_dependencies/webpub
[7.647s] -- Installing: /home/bernsteinb/Desktop/slammers-bryce/orb/ros2_ws/install/webpub/share/ament_index/resource_index/parent_prefix_path/webpub
[7.647s] -- Installing: /home/bernsteinb/Desktop/slammers-bryce/orb/ros2_ws/install/webpub/share/webpub/environment/ament_prefix_path.sh
[7.647s] -- Installing: /home/bernsteinb/Desktop/slammers-bryce/orb/ros2_ws/install/webpub/share/webpub/environment/ament_prefix_path.dsv
[7.647s] -- Installing: /home/bernsteinb/Desktop/slammers-bryce/orb/ros2_ws/install/webpub/share/webpub/environment/path.sh
[7.648s] -- Installing: /home/bernsteinb/Desktop/slammers-bryce/orb/ros2_ws/install/webpub/share/webpub/environment/path.dsv
[7.648s] -- Installing: /home/bernsteinb/Desktop/slammers-bryce/orb/ros2_ws/install/webpub/share/webpub/local_setup.bash
[7.648s] -- Installing: /home/bernsteinb/Desktop/slammers-bryce/orb/ros2_ws/install/webpub/share/webpub/local_setup.sh
[7.648s] -- Installing: /home/bernsteinb/Desktop/slammers-bryce/orb/ros2_ws/install/webpub/share/webpub/local_setup.zsh
[7.648s] -- Installing: /home/bernsteinb/Desktop/slammers-bryce/orb/ros2_ws/install/webpub/share/webpub/local_setup.dsv
[7.648s] -- Installing: /home/bernsteinb/Desktop/slammers-bryce/orb/ros2_ws/install/webpub/share/webpub/package.dsv
[7.648s] -- Installing: /home/bernsteinb/Desktop/slammers-bryce/orb/ros2_ws/install/webpub/share/ament_index/resource_index/packages/webpub
[7.648s] -- Installing: /home/bernsteinb/Desktop/slammers-bryce/orb/ros2_ws/install/webpub/share/webpub/cmake/webpubConfig.cmake
[7.648s] -- Installing: /home/bernsteinb/Desktop/slammers-bryce/orb/ros2_ws/install/webpub/share/webpub/cmake/webpubConfig-version.cmake
[7.648s] -- Installing: /home/bernsteinb/Desktop/slammers-bryce/orb/ros2_ws/install/webpub/share/webpub/package.xml
[7.650s] Invoked command in '/home/bernsteinb/Desktop/slammers-bryce/orb/ros2_ws/build/webpub' returned '0': CMAKE_PREFIX_PATH=${CMAKE_PREFIX_PATH}:/opt/ros/jazzy DEBUGINFOD_URLS=https://debuginfod.ubuntu.com /usr/bin/cmake --install /home/bernsteinb/Desktop/slammers-bryce/orb/ros2_ws/build/webpub
