[0.005s] Invoking command in '/home/bernsteinb/Desktop/slammers-bryce/orb/ros2_ws/build/webpub': DEBUGINFOD_URLS=https://debuginfod.ubuntu.com /usr/bin/cmake --build /home/bernsteinb/Desktop/slammers-bryce/orb/ros2_ws/build/webpub -- -j28 -l28
[0.040s] [100%] Built target main
[0.048s] Invoked command in '/home/bernsteinb/Desktop/slammers-bryce/orb/ros2_ws/build/webpub' returned '0': DEBUGINFOD_URLS=https://debuginfod.ubuntu.com /usr/bin/cmake --build /home/bernsteinb/Desktop/slammers-bryce/orb/ros2_ws/build/webpub -- -j28 -l28
[0.049s] Invoking command in '/home/bernsteinb/Desktop/slammers-bryce/orb/ros2_ws/build/webpub': DEBUGINFOD_URLS=https://debuginfod.ubuntu.com /usr/bin/cmake --install /home/bernsteinb/Desktop/slammers-bryce/orb/ros2_ws/build/webpub
[0.053s] -- Install configuration: ""
[0.054s] -- Up-to-date: /home/bernsteinb/Desktop/slammers-bryce/orb/ros2_ws/install/webpub/lib/webpub/main
[0.054s] -- Up-to-date: /home/bernsteinb/Desktop/slammers-bryce/orb/ros2_ws/install/webpub/share/ament_index/resource_index/package_run_dependencies/webpub
[0.054s] -- Up-to-date: /home/bernsteinb/Desktop/slammers-bryce/orb/ros2_ws/install/webpub/share/ament_index/resource_index/parent_prefix_path/webpub
[0.054s] -- Up-to-date: /home/bernsteinb/Desktop/slammers-bryce/orb/ros2_ws/install/webpub/share/webpub/environment/ament_prefix_path.sh
[0.054s] -- Up-to-date: /home/bernsteinb/Desktop/slammers-bryce/orb/ros2_ws/install/webpub/share/webpub/environment/ament_prefix_path.dsv
[0.054s] -- Up-to-date: /home/bernsteinb/Desktop/slammers-bryce/orb/ros2_ws/install/webpub/share/webpub/environment/path.sh
[0.054s] -- Up-to-date: /home/bernsteinb/Desktop/slammers-bryce/orb/ros2_ws/install/webpub/share/webpub/environment/path.dsv
[0.054s] -- Up-to-date: /home/bernsteinb/Desktop/slammers-bryce/orb/ros2_ws/install/webpub/share/webpub/local_setup.bash
[0.055s] -- Up-to-date: /home/bernsteinb/Desktop/slammers-bryce/orb/ros2_ws/install/webpub/share/webpub/local_setup.sh
[0.055s] -- Up-to-date: /home/bernsteinb/Desktop/slammers-bryce/orb/ros2_ws/install/webpub/share/webpub/local_setup.zsh
[0.055s] -- Up-to-date: /home/bernsteinb/Desktop/slammers-bryce/orb/ros2_ws/install/webpub/share/webpub/local_setup.dsv
[0.056s] -- Installing: /home/bernsteinb/Desktop/slammers-bryce/orb/ros2_ws/install/webpub/share/webpub/package.dsv
[0.056s] -- Up-to-date: /home/bernsteinb/Desktop/slammers-bryce/orb/ros2_ws/install/webpub/share/ament_index/resource_index/packages/webpub
[0.056s] -- Up-to-date: /home/bernsteinb/Desktop/slammers-bryce/orb/ros2_ws/install/webpub/share/webpub/cmake/webpubConfig.cmake
[0.056s] -- Up-to-date: /home/bernsteinb/Desktop/slammers-bryce/orb/ros2_ws/install/webpub/share/webpub/cmake/webpubConfig-version.cmake
[0.056s] -- Up-to-date: /home/bernsteinb/Desktop/slammers-bryce/orb/ros2_ws/install/webpub/share/webpub/package.xml
[0.059s] Invoked command in '/home/bernsteinb/Desktop/slammers-bryce/orb/ros2_ws/build/webpub' returned '0': DEBUGINFOD_URLS=https://debuginfod.ubuntu.com /usr/bin/cmake --install /home/bernsteinb/Desktop/slammers-bryce/orb/ros2_ws/build/webpub
