[ 50%] Built target publisher
[100%] Built target listener
-- Install configuration: ""
-- Up-to-date: /home/bernsteinb/Desktop/slammers-bryce/orb/ros2_ws/install/cpp_ros_practice/lib/cpp_ros_practice/listener
-- Up-to-date: /home/bernsteinb/Desktop/slammers-bryce/orb/ros2_ws/install/cpp_ros_practice/lib/cpp_ros_practice/publisher
-- Up-to-date: /home/bernsteinb/Desktop/slammers-bryce/orb/ros2_ws/install/cpp_ros_practice/share/ament_index/resource_index/package_run_dependencies/cpp_ros_practice
-- Up-to-date: /home/bernsteinb/Desktop/slammers-bryce/orb/ros2_ws/install/cpp_ros_practice/share/ament_index/resource_index/parent_prefix_path/cpp_ros_practice
-- Up-to-date: /home/bernsteinb/Desktop/slammers-bryce/orb/ros2_ws/install/cpp_ros_practice/share/cpp_ros_practice/environment/ament_prefix_path.sh
-- Up-to-date: /home/bernsteinb/Desktop/slammers-bryce/orb/ros2_ws/install/cpp_ros_practice/share/cpp_ros_practice/environment/ament_prefix_path.dsv
-- Up-to-date: /home/bernsteinb/Desktop/slammers-bryce/orb/ros2_ws/install/cpp_ros_practice/share/cpp_ros_practice/environment/path.sh
-- Up-to-date: /home/bernsteinb/Desktop/slammers-bryce/orb/ros2_ws/install/cpp_ros_practice/share/cpp_ros_practice/environment/path.dsv
-- Up-to-date: /home/bernsteinb/Desktop/slammers-bryce/orb/ros2_ws/install/cpp_ros_practice/share/cpp_ros_practice/local_setup.bash
-- Up-to-date: /home/bernsteinb/Desktop/slammers-bryce/orb/ros2_ws/install/cpp_ros_practice/share/cpp_ros_practice/local_setup.sh
-- Up-to-date: /home/bernsteinb/Desktop/slammers-bryce/orb/ros2_ws/install/cpp_ros_practice/share/cpp_ros_practice/local_setup.zsh
-- Up-to-date: /home/bernsteinb/Desktop/slammers-bryce/orb/ros2_ws/install/cpp_ros_practice/share/cpp_ros_practice/local_setup.dsv
-- Installing: /home/bernsteinb/Desktop/slammers-bryce/orb/ros2_ws/install/cpp_ros_practice/share/cpp_ros_practice/package.dsv
-- Up-to-date: /home/bernsteinb/Desktop/slammers-bryce/orb/ros2_ws/install/cpp_ros_practice/share/ament_index/resource_index/packages/cpp_ros_practice
-- Up-to-date: /home/bernsteinb/Desktop/slammers-bryce/orb/ros2_ws/install/cpp_ros_practice/share/cpp_ros_practice/cmake/cpp_ros_practiceConfig.cmake
-- Up-to-date: /home/bernsteinb/Desktop/slammers-bryce/orb/ros2_ws/install/cpp_ros_practice/share/cpp_ros_practice/cmake/cpp_ros_practiceConfig-version.cmake
-- Up-to-date: /home/bernsteinb/Desktop/slammers-bryce/orb/ros2_ws/install/cpp_ros_practice/share/cpp_ros_practice/package.xml
